10:10:23,283 (main) DEBUG [DataNucleus.General] - Using PluginRegistry org.datanucleus.plugin.NonManagedPluginRegistry
10:10:23,639 (main) DEBUG [DataNucleus.General] - Registering bundle org.sonatype.inject version 2.3.0 at URL file:/Users/antoine/.m2/repository/org/sonatype/sisu/sisu-inject-bean/2.3.0/sisu-inject-bean-2.3.0.jar.
10:10:23,733 (main) DEBUG [DataNucleus.General] - Loading extension points from plug-in file jar:file:/Users/antoine/.m2/repository/org/sonatype/sisu/sisu-inject-bean/2.3.0/sisu-inject-bean-2.3.0.jar!/plugin.xml.
10:10:23,738 (main) DEBUG [DataNucleus.General] - Loading extensions from plug-in file jar:file:/Users/antoine/.m2/repository/org/sonatype/sisu/sisu-inject-bean/2.3.0/sisu-inject-bean-2.3.0.jar!/plugin.xml.
10:10:23,769 (main) DEBUG [DataNucleus.General] - Registering bundle org.datanucleus version 4.0.0.m2 at URL file:/Users/antoine/.m2/repository/org/datanucleus/datanucleus-core/4.0.0-m2/datanucleus-core-4.0.0-m2.jar.
10:10:23,893 (main) DEBUG [DataNucleus.General] - Loading extension points from plug-in file jar:file:/Users/antoine/.m2/repository/org/datanucleus/datanucleus-core/4.0.0-m2/datanucleus-core-4.0.0-m2.jar!/plugin.xml.
10:10:23,943 (main) DEBUG [DataNucleus.General] - Loading extensions from plug-in file jar:file:/Users/antoine/.m2/repository/org/datanucleus/datanucleus-core/4.0.0-m2/datanucleus-core-4.0.0-m2.jar!/plugin.xml.
10:10:23,951 (main) DEBUG [DataNucleus.General] - Registering bundle org.datanucleus.api.jdo version 4.0.0.m2 at URL file:/Users/antoine/.m2/repository/org/datanucleus/datanucleus-api-jdo/4.0.0-m2/datanucleus-api-jdo-4.0.0-m2.jar.
10:10:23,967 (main) DEBUG [DataNucleus.General] - Loading extension points from plug-in file jar:file:/Users/antoine/.m2/repository/org/datanucleus/datanucleus-api-jdo/4.0.0-m2/datanucleus-api-jdo-4.0.0-m2.jar!/plugin.xml.
10:10:23,969 (main) DEBUG [DataNucleus.General] - Loading extensions from plug-in file jar:file:/Users/antoine/.m2/repository/org/datanucleus/datanucleus-api-jdo/4.0.0-m2/datanucleus-api-jdo-4.0.0-m2.jar!/plugin.xml.
10:10:23,972 (main) DEBUG [DataNucleus.General] - Registering bundle org.datanucleus.store.rdbms version 4.0.0.m2 at URL file:/Users/antoine/.m2/repository/org/datanucleus/datanucleus-rdbms/4.0.0-m2/datanucleus-rdbms-4.0.0-m2.jar.
10:10:24,017 (main) DEBUG [DataNucleus.General] - Loading extension points from plug-in file jar:file:/Users/antoine/.m2/repository/org/datanucleus/datanucleus-rdbms/4.0.0-m2/datanucleus-rdbms-4.0.0-m2.jar!/plugin.xml.
10:10:24,029 (main) DEBUG [DataNucleus.General] - Loading extensions from plug-in file jar:file:/Users/antoine/.m2/repository/org/datanucleus/datanucleus-rdbms/4.0.0-m2/datanucleus-rdbms-4.0.0-m2.jar!/plugin.xml.
10:10:24,203 (main) DEBUG [DataNucleus.Persistence] - Java types support initialising ...
10:10:24,493 (main) DEBUG [DataNucleus.Persistence] - Java types support loaded : supported java types=java.awt.Color, java.lang.Float, [Ljava.lang.Integer;, java.sql.Time, java.util.SortedSet, java.net.URL, java.util.Date, java.util.PriorityQueue, float, [Ljava.lang.Character;, [Ljava.lang.Double;, java.lang.Integer, java.math.BigDecimal, java.util.Vector, java.lang.Character, java.lang.Enum, java.lang.Long, java.lang.Short, java.util.Locale, java.util.Map, java.math.BigInteger, java.net.URI, java.lang.Byte, java.util.GregorianCalendar, java.awt.image.BufferedImage, byte, double, java.util.TimeZone, java.sql.Timestamp, java.util.Collection, java.util.Set, java.util.UUID, [Ljava.lang.String;, java.util.List, [Ljava.lang.Short;, java.lang.StringBuilder, java.util.Queue, java.util.SortedMap, [Ljava.lang.Enum;, [Ljava.lang.Boolean;, java.lang.Double, [Ljava.util.Date;, [B, [C, [D, java.util.HashMap, java.util.Currency, [F, long, java.util.Stack, java.util.TreeSet, [I, java.util.ArrayList, [J, java.util.HashSet, java.util.LinkedHashMap, java.util.Calendar, java.lang.StringBuffer, [S, [Ljava.math.BigInteger;, java.lang.Boolean, [Ljava.lang.Number;, java.lang.String, [Ljava.math.BigDecimal;, java.lang.Number, java.util.LinkedList, java.util.Hashtable, java.util.LinkedHashSet, [Z, [Ljava.lang.Float;, java.util.Properties, [Ljava.lang.Byte;, [Ljava.util.Locale;, int, java.sql.Date, boolean, java.util.TreeMap, [Ljava.lang.Long;, char, short, java.lang.Class, java.util.BitSet, java.util.Arrays$ArrayList
10:10:24,493 (main) DEBUG [DataNucleus.Persistence] - Type converter support initialising ...
10:10:24,550 (main) DEBUG [DataNucleus.Persistence] - Type converter support loaded
10:10:24,550 (main) DEBUG [DataNucleus.Persistence] - TypeConverter(s) available for byte[] to : java.nio.ByteBuffer
10:10:24,550 (main) DEBUG [DataNucleus.Persistence] - TypeConverter(s) available for char[] to : java.nio.ByteBuffer
10:10:24,551 (main) DEBUG [DataNucleus.Persistence] - TypeConverter(s) available for double[] to : java.nio.ByteBuffer
10:10:24,551 (main) DEBUG [DataNucleus.Persistence] - TypeConverter(s) available for float[] to : java.nio.ByteBuffer
10:10:24,551 (main) DEBUG [DataNucleus.Persistence] - TypeConverter(s) available for int[] to : java.nio.ByteBuffer
10:10:24,551 (main) DEBUG [DataNucleus.Persistence] - TypeConverter(s) available for long[] to : java.nio.ByteBuffer
10:10:24,551 (main) DEBUG [DataNucleus.Persistence] - TypeConverter(s) available for short[] to : java.nio.ByteBuffer
10:10:24,551 (main) DEBUG [DataNucleus.Persistence] - TypeConverter(s) available for boolean[] to : java.nio.ByteBuffer
10:10:24,551 (main) DEBUG [DataNucleus.Persistence] - TypeConverter(s) available for java.awt.Color to : int[],java.lang.String
10:10:24,551 (main) DEBUG [DataNucleus.Persistence] - TypeConverter(s) available for java.io.Serializable to : byte[],java.nio.ByteBuffer,java.lang.String
10:10:24,551 (main) DEBUG [DataNucleus.Persistence] - TypeConverter(s) available for java.lang.Character to : java.lang.String
10:10:24,551 (main) DEBUG [DataNucleus.Persistence] - TypeConverter(s) available for java.lang.Class to : java.lang.String
10:10:24,551 (main) DEBUG [DataNucleus.Persistence] - TypeConverter(s) available for java.lang.Integer to : java.lang.String
10:10:24,551 (main) DEBUG [DataNucleus.Persistence] - TypeConverter(s) available for java.lang.Long to : java.lang.String
10:10:24,551 (main) DEBUG [DataNucleus.Persistence] - TypeConverter(s) available for java.lang.StringBuffer to : java.lang.String
10:10:24,552 (main) DEBUG [DataNucleus.Persistence] - TypeConverter(s) available for java.lang.StringBuilder to : java.lang.String
10:10:24,552 (main) DEBUG [DataNucleus.Persistence] - TypeConverter(s) available for java.math.BigDecimal to : java.lang.Double,java.nio.ByteBuffer,java.lang.String
10:10:24,552 (main) DEBUG [DataNucleus.Persistence] - TypeConverter(s) available for java.math.BigInteger to : java.nio.ByteBuffer,java.lang.String,java.lang.Long
10:10:24,552 (main) DEBUG [DataNucleus.Persistence] - TypeConverter(s) available for java.net.URI to : java.lang.String
10:10:24,552 (main) DEBUG [DataNucleus.Persistence] - TypeConverter(s) available for java.net.URL to : java.lang.String
10:10:24,552 (main) DEBUG [DataNucleus.Persistence] - TypeConverter(s) available for java.sql.Date to : java.lang.String,java.lang.Long,java.util.Date
10:10:24,553 (main) DEBUG [DataNucleus.Persistence] - TypeConverter(s) available for java.sql.Time to : java.lang.String,java.lang.Long,java.util.Date
10:10:24,553 (main) DEBUG [DataNucleus.Persistence] - TypeConverter(s) available for java.sql.Timestamp to : java.lang.String,java.lang.Long,java.util.Date
10:10:24,553 (main) DEBUG [DataNucleus.Persistence] - TypeConverter(s) available for java.util.BitSet to : java.lang.String
10:10:24,553 (main) DEBUG [DataNucleus.Persistence] - TypeConverter(s) available for java.util.Calendar to : java.lang.String,java.sql.Timestamp,java.util.Date
10:10:24,553 (main) DEBUG [DataNucleus.Persistence] - TypeConverter(s) available for java.util.Currency to : java.lang.String
10:10:24,553 (main) DEBUG [DataNucleus.Persistence] - TypeConverter(s) available for java.util.Date to : java.lang.String,java.lang.Long
10:10:24,553 (main) DEBUG [DataNucleus.Persistence] - TypeConverter(s) available for java.util.Locale to : java.lang.String
10:10:24,553 (main) DEBUG [DataNucleus.Persistence] - TypeConverter(s) available for java.util.TimeZone to : java.lang.String
10:10:24,553 (main) DEBUG [DataNucleus.Persistence] - TypeConverter(s) available for java.util.UUID to : java.lang.String
10:10:24,558 (main) DEBUG [DataNucleus.MetaData] - MetaDataManager : Input=(XML,Annotations), XML-Validation=false, XML-Suffices=(persistence=*.jdo, orm=orm, query=*.jdoquery), JDO-listener=false
10:10:24,559 (main) INFO  [DataNucleus.Enhancer] - DataNucleus Enhancer (version 4.0.0.m2) for API "JDO" using JRE "1.8"
10:10:24,560 (main) DEBUG [DataNucleus.Enhancer] - DataNucleus Enhancer : Classpath
10:10:24,561 (main) DEBUG [DataNucleus.Enhancer] - >>  /Users/antoine/.m2/repository/org/datanucleus/datanucleus-maven-plugin/4.0.0-m1/datanucleus-maven-plugin-4.0.0-m1.jar
10:10:24,561 (main) DEBUG [DataNucleus.Enhancer] - >>  /Users/antoine/.m2/repository/org/codehaus/plexus/plexus-utils/3.0.8/plexus-utils-3.0.8.jar
10:10:24,561 (main) DEBUG [DataNucleus.Enhancer] - >>  /Users/antoine/.m2/repository/org/codehaus/plexus/plexus-component-annotations/1.5.5/plexus-component-annotations-1.5.5.jar
10:10:24,561 (main) DEBUG [DataNucleus.Enhancer] - >>  /Users/antoine/.m2/repository/org/sonatype/sisu/sisu-inject-bean/2.3.0/sisu-inject-bean-2.3.0.jar
10:10:24,561 (main) DEBUG [DataNucleus.Enhancer] - >>  /Users/antoine/.m2/repository/org/sonatype/sisu/sisu-guice/3.1.0/sisu-guice-3.1.0-no_aop.jar
10:10:24,561 (main) DEBUG [DataNucleus.Enhancer] - >>  /Users/antoine/.m2/repository/org/sonatype/sisu/sisu-guava/0.9.9/sisu-guava-0.9.9.jar
10:10:24,561 (main) DEBUG [DataNucleus.Enhancer] - >>  /Users/antoine/.m2/repository/org/apache/xbean/xbean-reflect/3.4/xbean-reflect-3.4.jar
10:10:24,561 (main) DEBUG [DataNucleus.Enhancer] - >>  /Users/antoine/.m2/repository/log4j/log4j/1.2.12/log4j-1.2.12.jar
10:10:24,561 (main) DEBUG [DataNucleus.Enhancer] - >>  /Users/antoine/.m2/repository/commons-logging/commons-logging-api/1.1/commons-logging-api-1.1.jar
10:10:24,562 (main) DEBUG [DataNucleus.Enhancer] - >>  /Users/antoine/.m2/repository/com/google/collections/google-collections/1.0/google-collections-1.0.jar
10:10:24,562 (main) DEBUG [DataNucleus.Enhancer] - >>  /Users/antoine/.m2/repository/junit/junit/3.8.2/junit-3.8.2.jar
10:10:24,562 (main) DEBUG [DataNucleus.Enhancer] - >>  /Users/antoine/workspace/Portsmouth/target/classes
10:10:24,564 (main) DEBUG [DataNucleus.Enhancer] - >>  /Users/antoine/.m2/repository/org/datanucleus/datanucleus-core/4.0.0-m2/datanucleus-core-4.0.0-m2.jar
10:10:24,564 (main) DEBUG [DataNucleus.Enhancer] - >>  /Users/antoine/.m2/repository/org/datanucleus/datanucleus-api-jdo/4.0.0-m2/datanucleus-api-jdo-4.0.0-m2.jar
10:10:24,564 (main) DEBUG [DataNucleus.Enhancer] - >>  /Users/antoine/.m2/repository/javax/jdo/jdo-api/3.1-rc1/jdo-api-3.1-rc1.jar
10:10:24,564 (main) DEBUG [DataNucleus.Enhancer] - >>  /Users/antoine/.m2/repository/javax/transaction/transaction-api/1.1/transaction-api-1.1.jar
10:10:24,564 (main) DEBUG [DataNucleus.Enhancer] - >>  /Users/antoine/.m2/repository/log4j/log4j/1.2.17/log4j-1.2.17.jar
10:10:24,564 (main) DEBUG [DataNucleus.Enhancer] - >>  /Users/antoine/.m2/repository/org/datanucleus/datanucleus-rdbms/4.0.0-m2/datanucleus-rdbms-4.0.0-m2.jar
10:10:24,564 (main) DEBUG [DataNucleus.Enhancer] - >>  /Users/antoine/.m2/repository/mysql/mysql-connector-java/5.1.17/mysql-connector-java-5.1.17.jar
10:10:24,565 (main) DEBUG [DataNucleus.Enhancer] - Enhancing classes for JRE=1.8 with stackmap-frames=true
10:10:24,590 (main) DEBUG [DataNucleus.MetaData] - Parsing MetaData file "file:/Users/antoine/workspace/Portsmouth/target/classes/META-INF/persistence.xml" using handler "persistence" (validation="false")
10:10:24,715 (main) DEBUG [DataNucleus.MetaData] - MetaData Management : Loading Metadata for persistence-unit "ProMol" ...
10:10:24,718 (main) ERROR [DataNucleus.MetaData] - Class "uk.ac.port.projects.molecules.Product" was not found in the CLASSPATH. Please check your specification and your CLASSPATH.
org.datanucleus.exceptions.ClassNotResolvedException: Class "uk.ac.port.projects.molecules.Product" was not found in the CLASSPATH. Please check your specification and your CLASSPATH.
	at org.datanucleus.ClassLoaderResolverImpl.classForName(ClassLoaderResolverImpl.java:217)
	at org.datanucleus.ClassLoaderResolverImpl.classForName(ClassLoaderResolverImpl.java:381)
	at org.datanucleus.metadata.MetaDataManagerImpl.loadPersistenceUnit(MetaDataManagerImpl.java:1062)
	at org.datanucleus.enhancer.DataNucleusEnhancer.getFileMetadataForInput(DataNucleusEnhancer.java:776)
	at org.datanucleus.enhancer.DataNucleusEnhancer.enhance(DataNucleusEnhancer.java:494)
	at org.datanucleus.enhancer.DataNucleusEnhancer.main(DataNucleusEnhancer.java:1150)

10:10:24,718 (main) ERROR [DataNucleus.MetaData] - Class "uk.ac.port.projects.molecules.Molecule" was not found in the CLASSPATH. Please check your specification and your CLASSPATH.
org.datanucleus.exceptions.ClassNotResolvedException: Class "uk.ac.port.projects.molecules.Molecule" was not found in the CLASSPATH. Please check your specification and your CLASSPATH.
	at org.datanucleus.ClassLoaderResolverImpl.classForName(ClassLoaderResolverImpl.java:217)
	at org.datanucleus.ClassLoaderResolverImpl.classForName(ClassLoaderResolverImpl.java:381)
	at org.datanucleus.metadata.MetaDataManagerImpl.loadPersistenceUnit(MetaDataManagerImpl.java:1062)
	at org.datanucleus.enhancer.DataNucleusEnhancer.getFileMetadataForInput(DataNucleusEnhancer.java:776)
	at org.datanucleus.enhancer.DataNucleusEnhancer.enhance(DataNucleusEnhancer.java:494)
	at org.datanucleus.enhancer.DataNucleusEnhancer.main(DataNucleusEnhancer.java:1150)

10:10:24,719 (main) ERROR [DataNucleus.MetaData] - Class "uk.ac.port.projects.molecules.Book" was not found in the CLASSPATH. Please check your specification and your CLASSPATH.
org.datanucleus.exceptions.ClassNotResolvedException: Class "uk.ac.port.projects.molecules.Book" was not found in the CLASSPATH. Please check your specification and your CLASSPATH.
	at org.datanucleus.ClassLoaderResolverImpl.classForName(ClassLoaderResolverImpl.java:217)
	at org.datanucleus.ClassLoaderResolverImpl.classForName(ClassLoaderResolverImpl.java:381)
	at org.datanucleus.metadata.MetaDataManagerImpl.loadPersistenceUnit(MetaDataManagerImpl.java:1062)
	at org.datanucleus.enhancer.DataNucleusEnhancer.getFileMetadataForInput(DataNucleusEnhancer.java:776)
	at org.datanucleus.enhancer.DataNucleusEnhancer.enhance(DataNucleusEnhancer.java:494)
	at org.datanucleus.enhancer.DataNucleusEnhancer.main(DataNucleusEnhancer.java:1150)

10:10:24,719 (main) ERROR [DataNucleus.MetaData] - Class "uk.ac.port.projects.molecules.Inventory" was not found in the CLASSPATH. Please check your specification and your CLASSPATH.
org.datanucleus.exceptions.ClassNotResolvedException: Class "uk.ac.port.projects.molecules.Inventory" was not found in the CLASSPATH. Please check your specification and your CLASSPATH.
	at org.datanucleus.ClassLoaderResolverImpl.classForName(ClassLoaderResolverImpl.java:217)
	at org.datanucleus.ClassLoaderResolverImpl.classForName(ClassLoaderResolverImpl.java:381)
	at org.datanucleus.metadata.MetaDataManagerImpl.loadPersistenceUnit(MetaDataManagerImpl.java:1062)
	at org.datanucleus.enhancer.DataNucleusEnhancer.getFileMetadataForInput(DataNucleusEnhancer.java:776)
	at org.datanucleus.enhancer.DataNucleusEnhancer.enhance(DataNucleusEnhancer.java:494)
	at org.datanucleus.enhancer.DataNucleusEnhancer.main(DataNucleusEnhancer.java:1150)

10:10:24,720 (main) DEBUG [DataNucleus.MetaData] - MetaData Management : Load of Metadata complete
10:10:24,721 (main) INFO  [DataNucleus.Enhancer] - DataNucleus Enhancer completed with success for 0 classes.
10:10:24,721 (main) INFO  [DataNucleus.Enhancer] - DataNucleus Enhancer completed and no classes were enhanced. Consult the log for full details
10:10:47,822 (main) INFO  [DataNucleus.SchemaTool] - DataNucleus SchemaTool : Creation of the schema for classes
10:10:47,824 (main) INFO  [DataNucleus.SchemaTool] - DataNucleus SchemaTool : Classpath
10:10:47,825 (main) INFO  [DataNucleus.SchemaTool] - >>  /Users/antoine/.m2/repository/org/datanucleus/datanucleus-maven-plugin/4.0.0-m1/datanucleus-maven-plugin-4.0.0-m1.jar
10:10:47,825 (main) INFO  [DataNucleus.SchemaTool] - >>  /Users/antoine/.m2/repository/org/codehaus/plexus/plexus-utils/3.0.8/plexus-utils-3.0.8.jar
10:10:47,825 (main) INFO  [DataNucleus.SchemaTool] - >>  /Users/antoine/.m2/repository/org/codehaus/plexus/plexus-component-annotations/1.5.5/plexus-component-annotations-1.5.5.jar
10:10:47,825 (main) INFO  [DataNucleus.SchemaTool] - >>  /Users/antoine/.m2/repository/org/sonatype/sisu/sisu-inject-bean/2.3.0/sisu-inject-bean-2.3.0.jar
10:10:47,825 (main) INFO  [DataNucleus.SchemaTool] - >>  /Users/antoine/.m2/repository/org/sonatype/sisu/sisu-guice/3.1.0/sisu-guice-3.1.0-no_aop.jar
10:10:47,825 (main) INFO  [DataNucleus.SchemaTool] - >>  /Users/antoine/.m2/repository/org/sonatype/sisu/sisu-guava/0.9.9/sisu-guava-0.9.9.jar
10:10:47,825 (main) INFO  [DataNucleus.SchemaTool] - >>  /Users/antoine/.m2/repository/org/apache/xbean/xbean-reflect/3.4/xbean-reflect-3.4.jar
10:10:47,825 (main) INFO  [DataNucleus.SchemaTool] - >>  /Users/antoine/.m2/repository/log4j/log4j/1.2.12/log4j-1.2.12.jar
10:10:47,825 (main) INFO  [DataNucleus.SchemaTool] - >>  /Users/antoine/.m2/repository/commons-logging/commons-logging-api/1.1/commons-logging-api-1.1.jar
10:10:47,825 (main) INFO  [DataNucleus.SchemaTool] - >>  /Users/antoine/.m2/repository/com/google/collections/google-collections/1.0/google-collections-1.0.jar
10:10:47,825 (main) INFO  [DataNucleus.SchemaTool] - >>  /Users/antoine/.m2/repository/junit/junit/3.8.2/junit-3.8.2.jar
10:10:47,826 (main) INFO  [DataNucleus.SchemaTool] - >>  /Users/antoine/workspace/Portsmouth/target/classes
10:10:47,826 (main) INFO  [DataNucleus.SchemaTool] - >>  /Users/antoine/.m2/repository/org/datanucleus/datanucleus-core/4.0.0-m2/datanucleus-core-4.0.0-m2.jar
10:10:47,826 (main) INFO  [DataNucleus.SchemaTool] - >>  /Users/antoine/.m2/repository/org/datanucleus/datanucleus-api-jdo/4.0.0-m2/datanucleus-api-jdo-4.0.0-m2.jar
10:10:47,826 (main) INFO  [DataNucleus.SchemaTool] - >>  /Users/antoine/.m2/repository/javax/jdo/jdo-api/3.1-rc1/jdo-api-3.1-rc1.jar
10:10:47,826 (main) INFO  [DataNucleus.SchemaTool] - >>  /Users/antoine/.m2/repository/javax/transaction/transaction-api/1.1/transaction-api-1.1.jar
10:10:47,826 (main) INFO  [DataNucleus.SchemaTool] - >>  /Users/antoine/.m2/repository/log4j/log4j/1.2.17/log4j-1.2.17.jar
10:10:47,826 (main) INFO  [DataNucleus.SchemaTool] - >>  /Users/antoine/.m2/repository/org/datanucleus/datanucleus-rdbms/4.0.0-m2/datanucleus-rdbms-4.0.0-m2.jar
10:10:47,826 (main) INFO  [DataNucleus.SchemaTool] - >>  /Users/antoine/.m2/repository/mysql/mysql-connector-java/5.1.17/mysql-connector-java-5.1.17.jar
10:10:47,867 (main) DEBUG [DataNucleus.General] - Using PluginRegistry org.datanucleus.plugin.NonManagedPluginRegistry
10:10:47,910 (main) DEBUG [DataNucleus.General] - Registering bundle org.sonatype.inject version 2.3.0 at URL file:/Users/antoine/.m2/repository/org/sonatype/sisu/sisu-inject-bean/2.3.0/sisu-inject-bean-2.3.0.jar.
10:10:47,925 (main) DEBUG [DataNucleus.General] - Loading extension points from plug-in file jar:file:/Users/antoine/.m2/repository/org/sonatype/sisu/sisu-inject-bean/2.3.0/sisu-inject-bean-2.3.0.jar!/plugin.xml.
10:10:47,927 (main) DEBUG [DataNucleus.General] - Loading extensions from plug-in file jar:file:/Users/antoine/.m2/repository/org/sonatype/sisu/sisu-inject-bean/2.3.0/sisu-inject-bean-2.3.0.jar!/plugin.xml.
10:10:47,931 (main) DEBUG [DataNucleus.General] - Registering bundle org.datanucleus version 4.0.0.m2 at URL file:/Users/antoine/.m2/repository/org/datanucleus/datanucleus-core/4.0.0-m2/datanucleus-core-4.0.0-m2.jar.
10:10:47,977 (main) DEBUG [DataNucleus.General] - Loading extension points from plug-in file jar:file:/Users/antoine/.m2/repository/org/datanucleus/datanucleus-core/4.0.0-m2/datanucleus-core-4.0.0-m2.jar!/plugin.xml.
10:10:48,014 (main) DEBUG [DataNucleus.General] - Loading extensions from plug-in file jar:file:/Users/antoine/.m2/repository/org/datanucleus/datanucleus-core/4.0.0-m2/datanucleus-core-4.0.0-m2.jar!/plugin.xml.
10:10:48,024 (main) DEBUG [DataNucleus.General] - Registering bundle org.datanucleus.api.jdo version 4.0.0.m2 at URL file:/Users/antoine/.m2/repository/org/datanucleus/datanucleus-api-jdo/4.0.0-m2/datanucleus-api-jdo-4.0.0-m2.jar.
10:10:48,029 (main) DEBUG [DataNucleus.General] - Loading extension points from plug-in file jar:file:/Users/antoine/.m2/repository/org/datanucleus/datanucleus-api-jdo/4.0.0-m2/datanucleus-api-jdo-4.0.0-m2.jar!/plugin.xml.
10:10:48,031 (main) DEBUG [DataNucleus.General] - Loading extensions from plug-in file jar:file:/Users/antoine/.m2/repository/org/datanucleus/datanucleus-api-jdo/4.0.0-m2/datanucleus-api-jdo-4.0.0-m2.jar!/plugin.xml.
10:10:48,034 (main) DEBUG [DataNucleus.General] - Registering bundle org.datanucleus.store.rdbms version 4.0.0.m2 at URL file:/Users/antoine/.m2/repository/org/datanucleus/datanucleus-rdbms/4.0.0-m2/datanucleus-rdbms-4.0.0-m2.jar.
10:10:48,056 (main) DEBUG [DataNucleus.General] - Loading extension points from plug-in file jar:file:/Users/antoine/.m2/repository/org/datanucleus/datanucleus-rdbms/4.0.0-m2/datanucleus-rdbms-4.0.0-m2.jar!/plugin.xml.
10:10:48,075 (main) DEBUG [DataNucleus.General] - Loading extensions from plug-in file jar:file:/Users/antoine/.m2/repository/org/datanucleus/datanucleus-rdbms/4.0.0-m2/datanucleus-rdbms-4.0.0-m2.jar!/plugin.xml.
10:10:48,201 (main) DEBUG [DataNucleus.Persistence] - Java types support initialising ...
10:10:48,285 (main) DEBUG [DataNucleus.Persistence] - Java types support loaded : supported java types=java.awt.Color, java.lang.Float, [Ljava.lang.Integer;, java.sql.Time, java.util.SortedSet, java.net.URL, java.util.Date, java.util.PriorityQueue, float, [Ljava.lang.Character;, [Ljava.lang.Double;, java.lang.Integer, java.math.BigDecimal, java.util.Vector, java.lang.Character, java.lang.Enum, java.lang.Long, java.lang.Short, java.util.Locale, java.util.Map, java.math.BigInteger, java.net.URI, java.lang.Byte, java.util.GregorianCalendar, java.awt.image.BufferedImage, byte, double, java.util.TimeZone, java.sql.Timestamp, java.util.Collection, java.util.Set, java.util.UUID, [Ljava.lang.String;, java.util.List, [Ljava.lang.Short;, java.lang.StringBuilder, java.util.Queue, java.util.SortedMap, [Ljava.lang.Enum;, [Ljava.lang.Boolean;, java.lang.Double, [Ljava.util.Date;, [B, [C, [D, java.util.HashMap, java.util.Currency, [F, long, java.util.Stack, java.util.TreeSet, [I, java.util.ArrayList, [J, java.util.HashSet, java.util.LinkedHashMap, java.util.Calendar, java.lang.StringBuffer, [S, [Ljava.math.BigInteger;, java.lang.Boolean, [Ljava.lang.Number;, java.lang.String, [Ljava.math.BigDecimal;, java.lang.Number, java.util.LinkedList, java.util.Hashtable, java.util.LinkedHashSet, [Z, [Ljava.lang.Float;, java.util.Properties, [Ljava.lang.Byte;, [Ljava.util.Locale;, int, java.sql.Date, boolean, java.util.TreeMap, [Ljava.lang.Long;, char, short, java.lang.Class, java.util.BitSet, java.util.Arrays$ArrayList
10:10:48,286 (main) DEBUG [DataNucleus.Persistence] - Type converter support initialising ...
10:10:48,323 (main) DEBUG [DataNucleus.Persistence] - Type converter support loaded
10:10:48,324 (main) DEBUG [DataNucleus.Persistence] - TypeConverter(s) available for byte[] to : java.nio.ByteBuffer
10:10:48,324 (main) DEBUG [DataNucleus.Persistence] - TypeConverter(s) available for char[] to : java.nio.ByteBuffer
10:10:48,324 (main) DEBUG [DataNucleus.Persistence] - TypeConverter(s) available for double[] to : java.nio.ByteBuffer
10:10:48,324 (main) DEBUG [DataNucleus.Persistence] - TypeConverter(s) available for float[] to : java.nio.ByteBuffer
10:10:48,324 (main) DEBUG [DataNucleus.Persistence] - TypeConverter(s) available for int[] to : java.nio.ByteBuffer
10:10:48,324 (main) DEBUG [DataNucleus.Persistence] - TypeConverter(s) available for long[] to : java.nio.ByteBuffer
10:10:48,324 (main) DEBUG [DataNucleus.Persistence] - TypeConverter(s) available for short[] to : java.nio.ByteBuffer
10:10:48,324 (main) DEBUG [DataNucleus.Persistence] - TypeConverter(s) available for boolean[] to : java.nio.ByteBuffer
10:10:48,324 (main) DEBUG [DataNucleus.Persistence] - TypeConverter(s) available for java.awt.Color to : int[],java.lang.String
10:10:48,325 (main) DEBUG [DataNucleus.Persistence] - TypeConverter(s) available for java.io.Serializable to : java.nio.ByteBuffer,java.lang.String,byte[]
10:10:48,325 (main) DEBUG [DataNucleus.Persistence] - TypeConverter(s) available for java.lang.Character to : java.lang.String
10:10:48,325 (main) DEBUG [DataNucleus.Persistence] - TypeConverter(s) available for java.lang.Class to : java.lang.String
10:10:48,325 (main) DEBUG [DataNucleus.Persistence] - TypeConverter(s) available for java.lang.Integer to : java.lang.String
10:10:48,325 (main) DEBUG [DataNucleus.Persistence] - TypeConverter(s) available for java.lang.Long to : java.lang.String
10:10:48,325 (main) DEBUG [DataNucleus.Persistence] - TypeConverter(s) available for java.lang.StringBuffer to : java.lang.String
10:10:48,325 (main) DEBUG [DataNucleus.Persistence] - TypeConverter(s) available for java.lang.StringBuilder to : java.lang.String
10:10:48,325 (main) DEBUG [DataNucleus.Persistence] - TypeConverter(s) available for java.math.BigDecimal to : java.nio.ByteBuffer,java.lang.Double,java.lang.String
10:10:48,325 (main) DEBUG [DataNucleus.Persistence] - TypeConverter(s) available for java.math.BigInteger to : java.nio.ByteBuffer,java.lang.String,java.lang.Long
10:10:48,325 (main) DEBUG [DataNucleus.Persistence] - TypeConverter(s) available for java.net.URI to : java.lang.String
10:10:48,325 (main) DEBUG [DataNucleus.Persistence] - TypeConverter(s) available for java.net.URL to : java.lang.String
10:10:48,325 (main) DEBUG [DataNucleus.Persistence] - TypeConverter(s) available for java.sql.Date to : java.lang.String,java.util.Date,java.lang.Long
10:10:48,325 (main) DEBUG [DataNucleus.Persistence] - TypeConverter(s) available for java.sql.Time to : java.lang.String,java.util.Date,java.lang.Long
10:10:48,328 (main) DEBUG [DataNucleus.Persistence] - TypeConverter(s) available for java.sql.Timestamp to : java.lang.String,java.util.Date,java.lang.Long
10:10:48,328 (main) DEBUG [DataNucleus.Persistence] - TypeConverter(s) available for java.util.BitSet to : java.lang.String
10:10:48,328 (main) DEBUG [DataNucleus.Persistence] - TypeConverter(s) available for java.util.Calendar to : java.sql.Timestamp,java.lang.String,java.util.Date
10:10:48,328 (main) DEBUG [DataNucleus.Persistence] - TypeConverter(s) available for java.util.Currency to : java.lang.String
10:10:48,328 (main) DEBUG [DataNucleus.Persistence] - TypeConverter(s) available for java.util.Date to : java.lang.String,java.lang.Long
10:10:48,328 (main) DEBUG [DataNucleus.Persistence] - TypeConverter(s) available for java.util.Locale to : java.lang.String
10:10:48,328 (main) DEBUG [DataNucleus.Persistence] - TypeConverter(s) available for java.util.TimeZone to : java.lang.String
10:10:48,328 (main) DEBUG [DataNucleus.Persistence] - TypeConverter(s) available for java.util.UUID to : java.lang.String
10:10:48,329 (main) DEBUG [DataNucleus.MetaData] - MetaDataManager : Input=(XML,Annotations), XML-Validation=false, XML-Suffices=(persistence=*.jdo, orm=orm, query=*.jdoquery), JDO-listener=true
10:10:48,329 (main) DEBUG [DataNucleus.MetaData] - Registering listener for metadata initialisation
10:10:48,422 (main) DEBUG [DataNucleus.MetaData] - Parsing MetaData file "file:/Users/antoine/workspace/Portsmouth/target/classes/META-INF/persistence.xml" using handler "persistence" (validation="false")
10:10:48,439 (main) DEBUG [DataNucleus.MetaData] - MetaData Management : Loading Metadata for persistence-unit "ProMol" ...
10:10:48,441 (main) ERROR [DataNucleus.MetaData] - Class "uk.ac.port.projects.molecules.Product" was not found in the CLASSPATH. Please check your specification and your CLASSPATH.
org.datanucleus.exceptions.ClassNotResolvedException: Class "uk.ac.port.projects.molecules.Product" was not found in the CLASSPATH. Please check your specification and your CLASSPATH.
	at org.datanucleus.ClassLoaderResolverImpl.classForName(ClassLoaderResolverImpl.java:217)
	at org.datanucleus.ClassLoaderResolverImpl.classForName(ClassLoaderResolverImpl.java:381)
	at org.datanucleus.metadata.MetaDataManagerImpl.loadPersistenceUnit(MetaDataManagerImpl.java:1062)
	at org.datanucleus.store.schema.SchemaTool.getNucleusContextForMode(SchemaTool.java:693)
	at org.datanucleus.store.schema.SchemaTool.main(SchemaTool.java:290)

10:10:48,442 (main) ERROR [DataNucleus.MetaData] - Class "uk.ac.port.projects.molecules.Molecule" was not found in the CLASSPATH. Please check your specification and your CLASSPATH.
org.datanucleus.exceptions.ClassNotResolvedException: Class "uk.ac.port.projects.molecules.Molecule" was not found in the CLASSPATH. Please check your specification and your CLASSPATH.
	at org.datanucleus.ClassLoaderResolverImpl.classForName(ClassLoaderResolverImpl.java:217)
	at org.datanucleus.ClassLoaderResolverImpl.classForName(ClassLoaderResolverImpl.java:381)
	at org.datanucleus.metadata.MetaDataManagerImpl.loadPersistenceUnit(MetaDataManagerImpl.java:1062)
	at org.datanucleus.store.schema.SchemaTool.getNucleusContextForMode(SchemaTool.java:693)
	at org.datanucleus.store.schema.SchemaTool.main(SchemaTool.java:290)

10:10:48,442 (main) ERROR [DataNucleus.MetaData] - Class "uk.ac.port.projects.molecules.Book" was not found in the CLASSPATH. Please check your specification and your CLASSPATH.
org.datanucleus.exceptions.ClassNotResolvedException: Class "uk.ac.port.projects.molecules.Book" was not found in the CLASSPATH. Please check your specification and your CLASSPATH.
	at org.datanucleus.ClassLoaderResolverImpl.classForName(ClassLoaderResolverImpl.java:217)
	at org.datanucleus.ClassLoaderResolverImpl.classForName(ClassLoaderResolverImpl.java:381)
	at org.datanucleus.metadata.MetaDataManagerImpl.loadPersistenceUnit(MetaDataManagerImpl.java:1062)
	at org.datanucleus.store.schema.SchemaTool.getNucleusContextForMode(SchemaTool.java:693)
	at org.datanucleus.store.schema.SchemaTool.main(SchemaTool.java:290)

10:10:48,443 (main) ERROR [DataNucleus.MetaData] - Class "uk.ac.port.projects.molecules.Inventory" was not found in the CLASSPATH. Please check your specification and your CLASSPATH.
org.datanucleus.exceptions.ClassNotResolvedException: Class "uk.ac.port.projects.molecules.Inventory" was not found in the CLASSPATH. Please check your specification and your CLASSPATH.
	at org.datanucleus.ClassLoaderResolverImpl.classForName(ClassLoaderResolverImpl.java:217)
	at org.datanucleus.ClassLoaderResolverImpl.classForName(ClassLoaderResolverImpl.java:381)
	at org.datanucleus.metadata.MetaDataManagerImpl.loadPersistenceUnit(MetaDataManagerImpl.java:1062)
	at org.datanucleus.store.schema.SchemaTool.getNucleusContextForMode(SchemaTool.java:693)
	at org.datanucleus.store.schema.SchemaTool.main(SchemaTool.java:290)

10:10:48,443 (main) DEBUG [DataNucleus.MetaData] - MetaData Management : Load of Metadata complete
10:10:48,444 (main) DEBUG [DataNucleus.Datastore] - Creating StoreManager for datastore
10:10:48,752 (main) DEBUG [DataNucleus.Connection] - Created tx data source using pooling type of dbcp-builtin
10:10:48,752 (main) DEBUG [DataNucleus.Connection] - Registered transactional connection factory under name "rdbms/tx"
10:10:48,753 (main) DEBUG [DataNucleus.Connection] - Registered nontransactional connection factory under name "rdbms/nontx"
10:10:48,934 (main) DEBUG [DataNucleus.Connection] - Created nontx data source using pooling type of dbcp-builtin
10:10:50,278 (main) DEBUG [DataNucleus.Connection] - ManagedConnection(non-enlisted) "org.datanucleus.store.rdbms.ConnectionFactoryImpl$ManagedConnectionImpl@63e2203c [conn=null, commitOnRelease=true, closeOnRelease=true, closeOnTxnEnd=true]" opened
10:10:50,335 (main) DEBUG [DataNucleus.Datastore] - Adding RDBMS support for Java type java.lang.Boolean (jdbc-type=BIT, sql-type=BIT, datastore-mapping-type=org.datanucleus.store.rdbms.mapping.datastore.BitRDBMSMapping, default=true)
10:10:50,337 (main) DEBUG [DataNucleus.Datastore] - Adding RDBMS support for Java type java.lang.Boolean (jdbc-type=CHAR, sql-type=CHAR, datastore-mapping-type=org.datanucleus.store.rdbms.mapping.datastore.CharRDBMSMapping, default=false)
10:10:50,337 (main) DEBUG [DataNucleus.Datastore] - Adding RDBMS support for Java type java.lang.Boolean (jdbc-type=BOOLEAN, sql-type=BOOLEAN, datastore-mapping-type=org.datanucleus.store.rdbms.mapping.datastore.BooleanRDBMSMapping, default=false)
10:10:50,339 (main) DEBUG [DataNucleus.Datastore] - Adding RDBMS support for Java type java.lang.Boolean (jdbc-type=TINYINT, sql-type=TINYINT, datastore-mapping-type=org.datanucleus.store.rdbms.mapping.datastore.TinyIntRDBMSMapping, default=false)
10:10:50,341 (main) DEBUG [DataNucleus.Datastore] - Adding RDBMS support for Java type java.lang.Boolean (jdbc-type=SMALLINT, sql-type=SMALLINT, datastore-mapping-type=org.datanucleus.store.rdbms.mapping.datastore.SmallIntRDBMSMapping, default=false)
10:10:50,342 (main) DEBUG [DataNucleus.Datastore] - Adding RDBMS support for Java type java.lang.Byte (jdbc-type=TINYINT, sql-type=TINYINT, datastore-mapping-type=org.datanucleus.store.rdbms.mapping.datastore.TinyIntRDBMSMapping, default=true)
10:10:50,342 (main) DEBUG [DataNucleus.Datastore] - Adding RDBMS support for Java type java.lang.Byte (jdbc-type=SMALLINT, sql-type=SMALLINT, datastore-mapping-type=org.datanucleus.store.rdbms.mapping.datastore.SmallIntRDBMSMapping, default=false)
10:10:50,342 (main) DEBUG [DataNucleus.Datastore] - Adding RDBMS support for Java type java.lang.Character (jdbc-type=CHAR, sql-type=CHAR, datastore-mapping-type=org.datanucleus.store.rdbms.mapping.datastore.CharRDBMSMapping, default=true)
10:10:50,343 (main) DEBUG [DataNucleus.Datastore] - Adding RDBMS support for Java type java.lang.Character (jdbc-type=INTEGER, sql-type=INTEGER, datastore-mapping-type=org.datanucleus.store.rdbms.mapping.datastore.IntegerRDBMSMapping, default=false)
10:10:50,344 (main) DEBUG [DataNucleus.Datastore] - Adding RDBMS support for Java type java.lang.Double (jdbc-type=DOUBLE, sql-type=DOUBLE, datastore-mapping-type=org.datanucleus.store.rdbms.mapping.datastore.DoubleRDBMSMapping, default=true)
10:10:50,345 (main) DEBUG [DataNucleus.Datastore] - Adding RDBMS support for Java type java.lang.Double (jdbc-type=DECIMAL, sql-type=DECIMAL, datastore-mapping-type=org.datanucleus.store.rdbms.mapping.datastore.DecimalRDBMSMapping, default=false)
10:10:50,346 (main) DEBUG [DataNucleus.Datastore] - Adding RDBMS support for Java type java.lang.Float (jdbc-type=FLOAT, sql-type=FLOAT, datastore-mapping-type=org.datanucleus.store.rdbms.mapping.datastore.FloatRDBMSMapping, default=true)
10:10:50,346 (main) DEBUG [DataNucleus.Datastore] - Adding RDBMS support for Java type java.lang.Float (jdbc-type=DOUBLE, sql-type=DOUBLE, datastore-mapping-type=org.datanucleus.store.rdbms.mapping.datastore.DoubleRDBMSMapping, default=false)
10:10:50,347 (main) DEBUG [DataNucleus.Datastore] - Adding RDBMS support for Java type java.lang.Float (jdbc-type=REAL, sql-type=REAL, datastore-mapping-type=org.datanucleus.store.rdbms.mapping.datastore.RealRDBMSMapping, default=false)
10:10:50,347 (main) DEBUG [DataNucleus.Datastore] - Adding RDBMS support for Java type java.lang.Float (jdbc-type=DECIMAL, sql-type=DECIMAL, datastore-mapping-type=org.datanucleus.store.rdbms.mapping.datastore.DecimalRDBMSMapping, default=false)
10:10:50,347 (main) DEBUG [DataNucleus.Datastore] - Adding RDBMS support for Java type java.lang.Integer (jdbc-type=INTEGER, sql-type=INTEGER, datastore-mapping-type=org.datanucleus.store.rdbms.mapping.datastore.IntegerRDBMSMapping, default=true)
10:10:50,348 (main) DEBUG [DataNucleus.Datastore] - Adding RDBMS support for Java type java.lang.Integer (jdbc-type=BIGINT, sql-type=BIGINT, datastore-mapping-type=org.datanucleus.store.rdbms.mapping.datastore.BigIntRDBMSMapping, default=false)
10:10:50,348 (main) DEBUG [DataNucleus.Datastore] - Adding RDBMS support for Java type java.lang.Integer (jdbc-type=NUMERIC, sql-type=NUMERIC, datastore-mapping-type=org.datanucleus.store.rdbms.mapping.datastore.NumericRDBMSMapping, default=false)
10:10:50,348 (main) DEBUG [DataNucleus.Datastore] - Adding RDBMS support for Java type java.lang.Integer (jdbc-type=TINYINT, sql-type=TINYINT, datastore-mapping-type=org.datanucleus.store.rdbms.mapping.datastore.TinyIntRDBMSMapping, default=false)
10:10:50,348 (main) DEBUG [DataNucleus.Datastore] - Adding RDBMS support for Java type java.lang.Integer (jdbc-type=SMALLINT, sql-type=SMALLINT, datastore-mapping-type=org.datanucleus.store.rdbms.mapping.datastore.SmallIntRDBMSMapping, default=false)
10:10:50,348 (main) DEBUG [DataNucleus.Datastore] - Adding RDBMS support for Java type java.lang.Long (jdbc-type=BIGINT, sql-type=BIGINT, datastore-mapping-type=org.datanucleus.store.rdbms.mapping.datastore.BigIntRDBMSMapping, default=true)
10:10:50,348 (main) DEBUG [DataNucleus.Datastore] - Adding RDBMS support for Java type java.lang.Long (jdbc-type=INTEGER, sql-type=INT, datastore-mapping-type=org.datanucleus.store.rdbms.mapping.datastore.IntegerRDBMSMapping, default=false)
10:10:50,349 (main) DEBUG [DataNucleus.Datastore] - Adding RDBMS support for Java type java.lang.Long (jdbc-type=NUMERIC, sql-type=NUMERIC, datastore-mapping-type=org.datanucleus.store.rdbms.mapping.datastore.NumericRDBMSMapping, default=false)
10:10:50,349 (main) DEBUG [DataNucleus.Datastore] - Adding RDBMS support for Java type java.lang.Long (jdbc-type=TINYINT, sql-type=TINYINT, datastore-mapping-type=org.datanucleus.store.rdbms.mapping.datastore.TinyIntRDBMSMapping, default=false)
10:10:50,349 (main) DEBUG [DataNucleus.Datastore] - Adding RDBMS support for Java type java.lang.Long (jdbc-type=SMALLINT, sql-type=SMALLINT, datastore-mapping-type=org.datanucleus.store.rdbms.mapping.datastore.SmallIntRDBMSMapping, default=false)
10:10:50,349 (main) DEBUG [DataNucleus.Datastore] - Adding RDBMS support for Java type java.lang.Short (jdbc-type=SMALLINT, sql-type=SMALLINT, datastore-mapping-type=org.datanucleus.store.rdbms.mapping.datastore.SmallIntRDBMSMapping, default=true)
10:10:50,349 (main) DEBUG [DataNucleus.Datastore] - Adding RDBMS support for Java type java.lang.Short (jdbc-type=INTEGER, sql-type=INTEGER, datastore-mapping-type=org.datanucleus.store.rdbms.mapping.datastore.IntegerRDBMSMapping, default=false)
10:10:50,349 (main) DEBUG [DataNucleus.Datastore] - Adding RDBMS support for Java type java.lang.Short (jdbc-type=TINYINT, sql-type=TINYINT, datastore-mapping-type=org.datanucleus.store.rdbms.mapping.datastore.TinyIntRDBMSMapping, default=false)
10:10:50,350 (main) DEBUG [DataNucleus.Datastore] - Adding RDBMS support for Java type java.lang.String (jdbc-type=VARCHAR, sql-type=VARCHAR, datastore-mapping-type=org.datanucleus.store.rdbms.mapping.datastore.VarCharRDBMSMapping, default=true)
10:10:50,350 (main) DEBUG [DataNucleus.Datastore] - Adding RDBMS support for Java type java.lang.String (jdbc-type=CHAR, sql-type=CHAR, datastore-mapping-type=org.datanucleus.store.rdbms.mapping.datastore.CharRDBMSMapping, default=false)
10:10:50,350 (main) DEBUG [DataNucleus.Datastore] - Adding RDBMS support for Java type java.lang.String (jdbc-type=BIGINT, sql-type=BIGINT, datastore-mapping-type=org.datanucleus.store.rdbms.mapping.datastore.BigIntRDBMSMapping, default=false)
10:10:50,352 (main) DEBUG [DataNucleus.Datastore] - Adding RDBMS support for Java type java.lang.String (jdbc-type=LONGVARCHAR, sql-type=LONGVARCHAR, datastore-mapping-type=org.datanucleus.store.rdbms.mapping.datastore.LongVarcharRDBMSMapping, default=false)
10:10:50,352 (main) DEBUG [DataNucleus.Datastore] - Adding RDBMS support for Java type java.lang.String (jdbc-type=CLOB, sql-type=CLOB, datastore-mapping-type=org.datanucleus.store.rdbms.mapping.datastore.ClobRDBMSMapping, default=false)
10:10:50,355 (main) DEBUG [DataNucleus.Datastore] - Adding RDBMS support for Java type java.lang.String (jdbc-type=BLOB, sql-type=BLOB, datastore-mapping-type=org.datanucleus.store.rdbms.mapping.datastore.BlobRDBMSMapping, default=false)
10:10:50,358 (main) DEBUG [DataNucleus.Datastore] - Adding RDBMS support for Java type java.lang.String (jdbc-type=LONGVARCHAR, sql-type=LONGTEXT, datastore-mapping-type=org.datanucleus.store.rdbms.mapping.datastore.LongVarcharRDBMSMapping, default=false)
10:10:50,358 (main) DEBUG [DataNucleus.Datastore] - Adding RDBMS support for Java type java.lang.String (jdbc-type=LONGVARCHAR, sql-type=MEDIUMTEXT, datastore-mapping-type=org.datanucleus.store.rdbms.mapping.datastore.LongVarcharRDBMSMapping, default=false)
10:10:50,359 (main) DEBUG [DataNucleus.Datastore] - Adding RDBMS support for Java type java.lang.String (jdbc-type=LONGVARCHAR, sql-type=TEXT, datastore-mapping-type=org.datanucleus.store.rdbms.mapping.datastore.LongVarcharRDBMSMapping, default=false)
10:10:50,359 (main) DEBUG [DataNucleus.Datastore] - Adding RDBMS support for Java type java.lang.String (jdbc-type=BLOB, sql-type=LONGBLOB, datastore-mapping-type=org.datanucleus.store.rdbms.mapping.datastore.BlobRDBMSMapping, default=false)
10:10:50,359 (main) DEBUG [DataNucleus.Datastore] - Adding RDBMS support for Java type java.lang.String (jdbc-type=BLOB, sql-type=MEDIUMBLOB, datastore-mapping-type=org.datanucleus.store.rdbms.mapping.datastore.BlobRDBMSMapping, default=false)
10:10:50,362 (main) DEBUG [DataNucleus.Datastore] - Adding RDBMS support for Java type java.lang.String (jdbc-type=NVARCHAR, sql-type=NVARCHAR, datastore-mapping-type=org.datanucleus.store.rdbms.mapping.datastore.NVarcharRDBMSMapping, default=false)
10:10:50,362 (main) DEBUG [DataNucleus.Datastore] - Adding RDBMS support for Java type java.lang.String (jdbc-type=NCHAR, sql-type=NCHAR, datastore-mapping-type=org.datanucleus.store.rdbms.mapping.datastore.NCharRDBMSMapping, default=false)
10:10:50,362 (main) DEBUG [DataNucleus.Datastore] - Adding RDBMS support for Java type java.math.BigDecimal (jdbc-type=DECIMAL, sql-type=DECIMAL, datastore-mapping-type=org.datanucleus.store.rdbms.mapping.datastore.DecimalRDBMSMapping, default=true)
10:10:50,366 (main) DEBUG [DataNucleus.Datastore] - Adding RDBMS support for Java type java.math.BigDecimal (jdbc-type=NUMERIC, sql-type=NUMERIC, datastore-mapping-type=org.datanucleus.store.rdbms.mapping.datastore.NumericRDBMSMapping, default=false)
10:10:50,366 (main) DEBUG [DataNucleus.Datastore] - Adding RDBMS support for Java type java.math.BigInteger (jdbc-type=NUMERIC, sql-type=NUMERIC, datastore-mapping-type=org.datanucleus.store.rdbms.mapping.datastore.NumericRDBMSMapping, default=true)
10:10:50,368 (main) DEBUG [DataNucleus.Datastore] - Adding RDBMS support for Java type java.sql.Date (jdbc-type=DATE, sql-type=DATE, datastore-mapping-type=org.datanucleus.store.rdbms.mapping.datastore.DateRDBMSMapping, default=true)
10:10:50,369 (main) DEBUG [DataNucleus.Datastore] - Adding RDBMS support for Java type java.sql.Date (jdbc-type=TIMESTAMP, sql-type=TIMESTAMP, datastore-mapping-type=org.datanucleus.store.rdbms.mapping.datastore.TimestampRDBMSMapping, default=false)
10:10:50,369 (main) DEBUG [DataNucleus.Datastore] - Adding RDBMS support for Java type java.sql.Date (jdbc-type=CHAR, sql-type=CHAR, datastore-mapping-type=org.datanucleus.store.rdbms.mapping.datastore.CharRDBMSMapping, default=false)
10:10:50,369 (main) DEBUG [DataNucleus.Datastore] - Adding RDBMS support for Java type java.sql.Date (jdbc-type=VARCHAR, sql-type=VARCHAR, datastore-mapping-type=org.datanucleus.store.rdbms.mapping.datastore.VarCharRDBMSMapping, default=false)
10:10:50,369 (main) DEBUG [DataNucleus.Datastore] - Adding RDBMS support for Java type java.sql.Date (jdbc-type=BIGINT, sql-type=BIGINT, datastore-mapping-type=org.datanucleus.store.rdbms.mapping.datastore.BigIntRDBMSMapping, default=false)
10:10:50,371 (main) DEBUG [DataNucleus.Datastore] - Adding RDBMS support for Java type java.sql.Time (jdbc-type=TIME, sql-type=TIME, datastore-mapping-type=org.datanucleus.store.rdbms.mapping.datastore.TimeRDBMSMapping, default=true)
10:10:50,371 (main) DEBUG [DataNucleus.Datastore] - Adding RDBMS support for Java type java.sql.Time (jdbc-type=TIMESTAMP, sql-type=TIMESTAMP, datastore-mapping-type=org.datanucleus.store.rdbms.mapping.datastore.TimestampRDBMSMapping, default=false)
10:10:50,375 (main) DEBUG [DataNucleus.Datastore] - Adding RDBMS support for Java type java.sql.Time (jdbc-type=CHAR, sql-type=CHAR, datastore-mapping-type=org.datanucleus.store.rdbms.mapping.datastore.CharRDBMSMapping, default=false)
10:10:50,376 (main) DEBUG [DataNucleus.Datastore] - Adding RDBMS support for Java type java.sql.Time (jdbc-type=VARCHAR, sql-type=VARCHAR, datastore-mapping-type=org.datanucleus.store.rdbms.mapping.datastore.VarCharRDBMSMapping, default=false)
10:10:50,376 (main) DEBUG [DataNucleus.Datastore] - Adding RDBMS support for Java type java.sql.Time (jdbc-type=BIGINT, sql-type=BIGINT, datastore-mapping-type=org.datanucleus.store.rdbms.mapping.datastore.BigIntRDBMSMapping, default=false)
10:10:50,376 (main) DEBUG [DataNucleus.Datastore] - Adding RDBMS support for Java type java.sql.Timestamp (jdbc-type=TIMESTAMP, sql-type=TIMESTAMP, datastore-mapping-type=org.datanucleus.store.rdbms.mapping.datastore.TimestampRDBMSMapping, default=true)
10:10:50,376 (main) DEBUG [DataNucleus.Datastore] - Adding RDBMS support for Java type java.sql.Timestamp (jdbc-type=CHAR, sql-type=CHAR, datastore-mapping-type=org.datanucleus.store.rdbms.mapping.datastore.CharRDBMSMapping, default=false)
10:10:50,376 (main) DEBUG [DataNucleus.Datastore] - Adding RDBMS support for Java type java.sql.Timestamp (jdbc-type=VARCHAR, sql-type=VARCHAR, datastore-mapping-type=org.datanucleus.store.rdbms.mapping.datastore.VarCharRDBMSMapping, default=false)
10:10:50,376 (main) DEBUG [DataNucleus.Datastore] - Adding RDBMS support for Java type java.util.Date (jdbc-type=TIMESTAMP, sql-type=TIMESTAMP, datastore-mapping-type=org.datanucleus.store.rdbms.mapping.datastore.TimestampRDBMSMapping, default=true)
10:10:50,376 (main) DEBUG [DataNucleus.Datastore] - Adding RDBMS support for Java type java.util.Date (jdbc-type=DATE, sql-type=DATE, datastore-mapping-type=org.datanucleus.store.rdbms.mapping.datastore.DateRDBMSMapping, default=false)
10:10:50,376 (main) DEBUG [DataNucleus.Datastore] - Adding RDBMS support for Java type java.util.Date (jdbc-type=CHAR, sql-type=CHAR, datastore-mapping-type=org.datanucleus.store.rdbms.mapping.datastore.CharRDBMSMapping, default=false)
10:10:50,376 (main) DEBUG [DataNucleus.Datastore] - Adding RDBMS support for Java type java.util.Date (jdbc-type=VARCHAR, sql-type=VARCHAR, datastore-mapping-type=org.datanucleus.store.rdbms.mapping.datastore.VarCharRDBMSMapping, default=false)
10:10:50,376 (main) DEBUG [DataNucleus.Datastore] - Adding RDBMS support for Java type java.util.Date (jdbc-type=BIGINT, sql-type=BIGINT, datastore-mapping-type=org.datanucleus.store.rdbms.mapping.datastore.BigIntRDBMSMapping, default=false)
10:10:50,377 (main) DEBUG [DataNucleus.Datastore] - Adding RDBMS support for Java type java.util.Date (jdbc-type=TIME, sql-type=TIME, datastore-mapping-type=org.datanucleus.store.rdbms.mapping.datastore.TimeRDBMSMapping, default=false)
10:10:50,377 (main) DEBUG [DataNucleus.Datastore] - Adding RDBMS support for Java type java.io.Serializable (jdbc-type=LONGVARBINARY, sql-type=LONGVARBINARY, datastore-mapping-type=org.datanucleus.store.rdbms.mapping.datastore.LongVarBinaryRDBMSMapping, default=true)
10:10:50,377 (main) DEBUG [DataNucleus.Datastore] - Adding RDBMS support for Java type java.io.Serializable (jdbc-type=BLOB, sql-type=BLOB, datastore-mapping-type=org.datanucleus.store.rdbms.mapping.datastore.BlobRDBMSMapping, default=false)
10:10:50,378 (main) DEBUG [DataNucleus.Datastore] - Adding RDBMS support for Java type java.io.Serializable (jdbc-type=VARBINARY, sql-type=VARBINARY, datastore-mapping-type=org.datanucleus.store.rdbms.mapping.datastore.VarBinaryRDBMSMapping, default=false)
10:10:50,379 (main) DEBUG [DataNucleus.Datastore] - Adding RDBMS support for Java type java.io.File (jdbc-type=LONGVARBINARY, sql-type=LONGVARBINARY, datastore-mapping-type=org.datanucleus.store.rdbms.mapping.datastore.BinaryStreamRDBMSMapping, default=true)
10:10:50,379 (main) DEBUG [DataNucleus.Datastore] - Adding RDBMS support for Java type org.datanucleus.identity.OID (jdbc-type=BIGINT, sql-type=BIGINT, datastore-mapping-type=org.datanucleus.store.rdbms.mapping.datastore.BigIntRDBMSMapping, default=true)
10:10:50,379 (main) DEBUG [DataNucleus.Datastore] - Adding RDBMS support for Java type org.datanucleus.identity.OID (jdbc-type=INTEGER, sql-type=INTEGER, datastore-mapping-type=org.datanucleus.store.rdbms.mapping.datastore.IntegerRDBMSMapping, default=false)
10:10:50,379 (main) DEBUG [DataNucleus.Datastore] - Adding RDBMS support for Java type org.datanucleus.identity.OID (jdbc-type=NUMERIC, sql-type=NUMERIC, datastore-mapping-type=org.datanucleus.store.rdbms.mapping.datastore.NumericRDBMSMapping, default=false)
10:10:50,379 (main) DEBUG [DataNucleus.Datastore] - Adding RDBMS support for Java type org.datanucleus.identity.OID (jdbc-type=CHAR, sql-type=CHAR, datastore-mapping-type=org.datanucleus.store.rdbms.mapping.datastore.CharRDBMSMapping, default=false)
10:10:50,380 (main) DEBUG [DataNucleus.Datastore] - Adding RDBMS support for Java type org.datanucleus.identity.OID (jdbc-type=VARCHAR, sql-type=VARCHAR, datastore-mapping-type=org.datanucleus.store.rdbms.mapping.datastore.VarCharRDBMSMapping, default=false)
10:10:50,402 (main) DEBUG [DataNucleus.Datastore] - Removing RDBMS support for Java type java.lang.Float (jdbc-type=REAL, sql-type=REAL)
10:10:50,403 (main) DEBUG [DataNucleus.Datastore] - Removing RDBMS support for Java type java.lang.String (jdbc-type=NVARCHAR, sql-type=NVARCHAR)
10:10:50,403 (main) DEBUG [DataNucleus.Datastore] - Removing RDBMS support for Java type java.lang.String (jdbc-type=NCHAR, sql-type=NCHAR)
10:10:50,403 (main) DEBUG [DataNucleus.Datastore] - Removing RDBMS support for Java type java.lang.Boolean (jdbc-type=BOOLEAN, sql-type=BOOLEAN)
10:10:50,489 (main) DEBUG [DataNucleus.Datastore.Schema] - Column "`DELETEME1397121050463`.`UNUSED`" added to internal representation of table.
10:10:50,501 (main) DEBUG [DataNucleus.Datastore.Schema] - Creating table `DELETEME1397121050463`
10:10:50,506 (main) DEBUG [DataNucleus.Datastore.Schema] - CREATE TABLE `DELETEME1397121050463`
(
    `UNUSED` INTEGER NOT NULL
) ENGINE=INNODB
10:10:50,870 (main) DEBUG [DataNucleus.Datastore.Schema] - Execution Time = 364 ms
10:10:50,942 (main) DEBUG [DataNucleus.Datastore.Schema] - Schema Name could not be determined for this datastore
10:10:50,943 (main) DEBUG [DataNucleus.Datastore.Schema] - Dropping table `DELETEME1397121050463`
10:10:50,943 (main) DEBUG [DataNucleus.Datastore.Schema] - DROP TABLE `DELETEME1397121050463`
10:10:50,946 (main) DEBUG [DataNucleus.Datastore.Schema] - Execution Time = 3 ms
10:10:50,947 (main) DEBUG [DataNucleus.Datastore] - ======================= Datastore =========================
10:10:50,947 (main) DEBUG [DataNucleus.Datastore] - StoreManager : "rdbms" (org.datanucleus.store.rdbms.RDBMSStoreManager)
10:10:50,947 (main) DEBUG [DataNucleus.Datastore] - Datastore : read-write
10:10:50,947 (main) DEBUG [DataNucleus.Datastore] - Schema Control : AutoCreate(Tables,Columns,Constraints), Validate(None)
10:10:50,947 (main) DEBUG [DataNucleus.Datastore] - Schema : NamingFactory=datanucleus2 identifierCase=null
10:10:50,948 (main) DEBUG [DataNucleus.Datastore] - Query Languages : [JDOQL, JPQL, SQL, STOREDPROC]
10:10:50,948 (main) DEBUG [DataNucleus.Datastore] - Queries : Timeout=0
10:10:50,948 (main) DEBUG [DataNucleus.Datastore] - ===========================================================
10:10:50,948 (main) DEBUG [DataNucleus.Datastore] - Datastore Adapter : org.datanucleus.store.rdbms.adapter.MySQLAdapter
10:10:50,948 (main) DEBUG [DataNucleus.Datastore] - Datastore : name="MySQL" version="5.6.14"
10:10:50,948 (main) DEBUG [DataNucleus.Datastore] - Datastore Driver : name="MySQL-AB JDBC Driver" version="mysql-connector-java-5.1.17 ( Revision: ${bzr.revision-id} )"
10:10:50,948 (main) DEBUG [DataNucleus.Datastore] - Primary Connection Factory : URL[jdbc:mysql://stowka.co/danu?useServerPrepStmts=false]
10:10:50,948 (main) DEBUG [DataNucleus.Datastore] - Secondary Connection Factory : URL[jdbc:mysql://stowka.co/danu?useServerPrepStmts=false]
10:10:50,948 (main) DEBUG [DataNucleus.Datastore] - Datastore Identifiers : factory="datanucleus2" case="UPPERCASE" catalog=danu
10:10:50,948 (main) DEBUG [DataNucleus.Datastore] - Supported Identifier Cases : MixedCase "MixedCase" "UPPERCASE" 
10:10:50,948 (main) DEBUG [DataNucleus.Datastore] - Supported Identifier Lengths (max) : Table=64 Column=64 Constraint=64 Index=64 Delimiter=`
10:10:50,948 (main) DEBUG [DataNucleus.Datastore] - Support for Identifiers in DDL : catalog=true schema=false
10:10:50,949 (main) DEBUG [DataNucleus.Datastore] - Datastore : checkTableViewExistence, rdbmsConstraintCreateMode=DataNucleus, initialiseColumnInfo=ALL
10:10:50,949 (main) DEBUG [DataNucleus.Datastore] - Support Statement Batching : yes (max-batch-size=50)
10:10:50,949 (main) DEBUG [DataNucleus.Datastore] - Queries : Results direction=forward, type=forward-only, concurrency=read-only
10:10:50,949 (main) DEBUG [DataNucleus.Datastore] - Java-Types : string-default-length=255
10:10:50,949 (main) DEBUG [DataNucleus.Datastore] - JDBC-Types : VARCHAR, LONGVARCHAR, BINARY, VARBINARY, LONGVARBINARY, BIGINT, TINYINT, BIT, CHAR, NUMERIC, DECIMAL, INTEGER, CLOB, SMALLINT, BLOB, FLOAT, DOUBLE, DATE, TIME, TIMESTAMP
10:10:50,949 (main) DEBUG [DataNucleus.Datastore] - ===========================================================
10:10:50,949 (main) DEBUG [DataNucleus.Connection] - ManagedConnection(non-enlisted) "org.datanucleus.store.rdbms.ConnectionFactoryImpl$ManagedConnectionImpl@63e2203c [conn=org.datanucleus.store.rdbms.datasource.dbcp.PoolingDataSource$PoolGuardConnectionWrapper@74a10858, commitOnRelease=true, closeOnRelease=true, closeOnTxnEnd=true]" is being committed.
10:10:50,950 (main) DEBUG [DataNucleus.Connection] - ManagedConnection(non-enlisted) "org.datanucleus.store.rdbms.ConnectionFactoryImpl$ManagedConnectionImpl@63e2203c [conn=org.datanucleus.store.rdbms.datasource.dbcp.PoolingDataSource$PoolGuardConnectionWrapper@74a10858, commitOnRelease=true, closeOnRelease=true, closeOnTxnEnd=true]" closed
10:10:50,954 (main) DEBUG [DataNucleus.Datastore] - StoreManager now created
10:10:50,975 (main) DEBUG [DataNucleus.Cache] - Level 2 Cache of type "soft" initialised
10:10:51,002 (main) DEBUG [DataNucleus.Persistence] - Started pool of ExecutionContext (maxPool=20, reaperThread=false)
10:10:51,019 (main) DEBUG [DataNucleus.Persistence] - ================= NucleusContext ===============
10:10:51,020 (main) DEBUG [DataNucleus.Persistence] - DataNucleus Context : Version "4.0.0.m2" with JRE "1.8.0" on "Mac OS X"
10:10:51,020 (main) DEBUG [DataNucleus.Persistence] - Persistence API : JDO
10:10:51,020 (main) DEBUG [DataNucleus.Persistence] - Persistence-Unit : ProMol
10:10:51,020 (main) DEBUG [DataNucleus.Persistence] - Plugin Registry : org.datanucleus.plugin.NonManagedPluginRegistry
10:10:51,020 (main) DEBUG [DataNucleus.Persistence] - ClassLoading : datanucleus
10:10:51,020 (main) DEBUG [DataNucleus.Persistence] - Persistence : pm-singlethreaded, nontransactional-read, nontransactional-write, reachability-at-commit, copy-on-attach, managed-relations(checked), deletion-policy=JDO2, serverTimeZone=Europe/London
10:10:51,020 (main) DEBUG [DataNucleus.Persistence] - AutoStart : mechanism=None, mode=Quiet
10:10:51,020 (main) DEBUG [DataNucleus.Persistence] - Transactions : type=RESOURCE_LOCAL, mode=datastore, isolation=read-committed
10:10:51,020 (main) DEBUG [DataNucleus.Persistence] - ValueGeneration : txn-isolation=read-committed connection=New
10:10:51,020 (main) DEBUG [DataNucleus.Persistence] - Cache : Level1 (soft), Level2 (soft, mode=UNSPECIFIED), QueryResults (soft), Collections/Maps 
10:10:51,020 (main) DEBUG [DataNucleus.Persistence] - ================================================
10:10:51,021 (main) INFO  [DataNucleus.SchemaTool] - DataNucleus SchemaTool : Handling schema for persistence-unit "ProMol"
10:10:51,021 (main) ERROR [DataNucleus.Datastore.Schema] - No classes specified !
10:10:51,067 (main) ERROR [DataNucleus.SchemaTool] - An exception was thrown during the operation of SchemaTool. Please refer to the log for full details. The following may help : No classes specified !
No classes specified !
org.datanucleus.exceptions.NucleusException: No classes specified !
	at org.datanucleus.store.rdbms.RDBMSStoreManager.createSchemaForClasses(RDBMSStoreManager.java:4069)
	at org.datanucleus.store.schema.SchemaTool.createSchemaForClasses(SchemaTool.java:503)
	at org.datanucleus.store.schema.SchemaTool.main(SchemaTool.java:419)
10:41:24,452 (main) INFO  [DataNucleus.SchemaTool] - DataNucleus SchemaTool : Deletion of the schema for classes
10:41:24,497 (main) INFO  [DataNucleus.SchemaTool] - DataNucleus SchemaTool : Classpath
10:41:24,498 (main) INFO  [DataNucleus.SchemaTool] - >>  /Users/antoine/.m2/repository/org/datanucleus/datanucleus-maven-plugin/4.0.0-m1/datanucleus-maven-plugin-4.0.0-m1.jar
10:41:24,498 (main) INFO  [DataNucleus.SchemaTool] - >>  /Users/antoine/.m2/repository/org/codehaus/plexus/plexus-utils/3.0.8/plexus-utils-3.0.8.jar
10:41:24,498 (main) INFO  [DataNucleus.SchemaTool] - >>  /Users/antoine/.m2/repository/org/codehaus/plexus/plexus-component-annotations/1.5.5/plexus-component-annotations-1.5.5.jar
10:41:24,499 (main) INFO  [DataNucleus.SchemaTool] - >>  /Users/antoine/.m2/repository/org/sonatype/sisu/sisu-inject-bean/2.3.0/sisu-inject-bean-2.3.0.jar
10:41:24,499 (main) INFO  [DataNucleus.SchemaTool] - >>  /Users/antoine/.m2/repository/org/sonatype/sisu/sisu-guice/3.1.0/sisu-guice-3.1.0-no_aop.jar
10:41:24,499 (main) INFO  [DataNucleus.SchemaTool] - >>  /Users/antoine/.m2/repository/org/sonatype/sisu/sisu-guava/0.9.9/sisu-guava-0.9.9.jar
10:41:24,499 (main) INFO  [DataNucleus.SchemaTool] - >>  /Users/antoine/.m2/repository/org/apache/xbean/xbean-reflect/3.4/xbean-reflect-3.4.jar
10:41:24,499 (main) INFO  [DataNucleus.SchemaTool] - >>  /Users/antoine/.m2/repository/log4j/log4j/1.2.12/log4j-1.2.12.jar
10:41:24,499 (main) INFO  [DataNucleus.SchemaTool] - >>  /Users/antoine/.m2/repository/commons-logging/commons-logging-api/1.1/commons-logging-api-1.1.jar
10:41:24,499 (main) INFO  [DataNucleus.SchemaTool] - >>  /Users/antoine/.m2/repository/com/google/collections/google-collections/1.0/google-collections-1.0.jar
10:41:24,499 (main) INFO  [DataNucleus.SchemaTool] - >>  /Users/antoine/.m2/repository/junit/junit/3.8.2/junit-3.8.2.jar
10:41:24,499 (main) INFO  [DataNucleus.SchemaTool] - >>  /Users/antoine/workspace/Portsmouth/target/classes
10:41:24,499 (main) INFO  [DataNucleus.SchemaTool] - >>  /Users/antoine/.m2/repository/org/datanucleus/datanucleus-core/4.0.0-m2/datanucleus-core-4.0.0-m2.jar
10:41:24,499 (main) INFO  [DataNucleus.SchemaTool] - >>  /Users/antoine/.m2/repository/org/datanucleus/datanucleus-api-jdo/4.0.0-m2/datanucleus-api-jdo-4.0.0-m2.jar
10:41:24,499 (main) INFO  [DataNucleus.SchemaTool] - >>  /Users/antoine/.m2/repository/javax/jdo/jdo-api/3.1-rc1/jdo-api-3.1-rc1.jar
10:41:24,500 (main) INFO  [DataNucleus.SchemaTool] - >>  /Users/antoine/.m2/repository/javax/transaction/transaction-api/1.1/transaction-api-1.1.jar
10:41:24,500 (main) INFO  [DataNucleus.SchemaTool] - >>  /Users/antoine/.m2/repository/log4j/log4j/1.2.17/log4j-1.2.17.jar
10:41:24,500 (main) INFO  [DataNucleus.SchemaTool] - >>  /Users/antoine/.m2/repository/org/datanucleus/datanucleus-rdbms/4.0.0-m2/datanucleus-rdbms-4.0.0-m2.jar
10:41:24,500 (main) INFO  [DataNucleus.SchemaTool] - >>  /Users/antoine/.m2/repository/mysql/mysql-connector-java/5.1.17/mysql-connector-java-5.1.17.jar
10:41:24,865 (main) DEBUG [DataNucleus.General] - Using PluginRegistry org.datanucleus.plugin.NonManagedPluginRegistry
10:41:25,304 (main) DEBUG [DataNucleus.General] - Registering bundle org.sonatype.inject version 2.3.0 at URL file:/Users/antoine/.m2/repository/org/sonatype/sisu/sisu-inject-bean/2.3.0/sisu-inject-bean-2.3.0.jar.
10:41:25,398 (main) DEBUG [DataNucleus.General] - Loading extension points from plug-in file jar:file:/Users/antoine/.m2/repository/org/sonatype/sisu/sisu-inject-bean/2.3.0/sisu-inject-bean-2.3.0.jar!/plugin.xml.
10:41:25,402 (main) DEBUG [DataNucleus.General] - Loading extensions from plug-in file jar:file:/Users/antoine/.m2/repository/org/sonatype/sisu/sisu-inject-bean/2.3.0/sisu-inject-bean-2.3.0.jar!/plugin.xml.
10:41:25,429 (main) DEBUG [DataNucleus.General] - Registering bundle org.datanucleus version 4.0.0.m2 at URL file:/Users/antoine/.m2/repository/org/datanucleus/datanucleus-core/4.0.0-m2/datanucleus-core-4.0.0-m2.jar.
10:41:25,466 (main) DEBUG [DataNucleus.General] - Loading extension points from plug-in file jar:file:/Users/antoine/.m2/repository/org/datanucleus/datanucleus-core/4.0.0-m2/datanucleus-core-4.0.0-m2.jar!/plugin.xml.
10:41:25,543 (main) DEBUG [DataNucleus.General] - Loading extensions from plug-in file jar:file:/Users/antoine/.m2/repository/org/datanucleus/datanucleus-core/4.0.0-m2/datanucleus-core-4.0.0-m2.jar!/plugin.xml.
10:41:25,551 (main) DEBUG [DataNucleus.General] - Registering bundle org.datanucleus.api.jdo version 4.0.0.m2 at URL file:/Users/antoine/.m2/repository/org/datanucleus/datanucleus-api-jdo/4.0.0-m2/datanucleus-api-jdo-4.0.0-m2.jar.
10:41:25,566 (main) DEBUG [DataNucleus.General] - Loading extension points from plug-in file jar:file:/Users/antoine/.m2/repository/org/datanucleus/datanucleus-api-jdo/4.0.0-m2/datanucleus-api-jdo-4.0.0-m2.jar!/plugin.xml.
10:41:25,568 (main) DEBUG [DataNucleus.General] - Loading extensions from plug-in file jar:file:/Users/antoine/.m2/repository/org/datanucleus/datanucleus-api-jdo/4.0.0-m2/datanucleus-api-jdo-4.0.0-m2.jar!/plugin.xml.
10:41:25,571 (main) DEBUG [DataNucleus.General] - Registering bundle org.datanucleus.store.rdbms version 4.0.0.m2 at URL file:/Users/antoine/.m2/repository/org/datanucleus/datanucleus-rdbms/4.0.0-m2/datanucleus-rdbms-4.0.0-m2.jar.
10:41:25,620 (main) DEBUG [DataNucleus.General] - Loading extension points from plug-in file jar:file:/Users/antoine/.m2/repository/org/datanucleus/datanucleus-rdbms/4.0.0-m2/datanucleus-rdbms-4.0.0-m2.jar!/plugin.xml.
10:41:25,642 (main) DEBUG [DataNucleus.General] - Loading extensions from plug-in file jar:file:/Users/antoine/.m2/repository/org/datanucleus/datanucleus-rdbms/4.0.0-m2/datanucleus-rdbms-4.0.0-m2.jar!/plugin.xml.
10:41:26,526 (main) DEBUG [DataNucleus.Persistence] - Java types support initialising ...
10:41:27,687 (main) DEBUG [DataNucleus.Persistence] - Java types support loaded : supported java types=java.awt.Color, java.lang.Float, [Ljava.lang.Integer;, java.sql.Time, java.util.SortedSet, java.net.URL, java.util.Date, java.util.PriorityQueue, float, [Ljava.lang.Character;, [Ljava.lang.Double;, java.lang.Integer, java.math.BigDecimal, java.util.Vector, java.lang.Character, java.lang.Enum, java.lang.Long, java.lang.Short, java.util.Locale, java.util.Map, java.math.BigInteger, java.net.URI, java.lang.Byte, java.util.GregorianCalendar, java.awt.image.BufferedImage, byte, double, java.util.TimeZone, java.sql.Timestamp, java.util.Collection, java.util.Set, java.util.UUID, [Ljava.lang.String;, java.util.List, [Ljava.lang.Short;, java.lang.StringBuilder, java.util.Queue, java.util.SortedMap, [Ljava.lang.Enum;, [Ljava.lang.Boolean;, java.lang.Double, [Ljava.util.Date;, [B, [C, [D, java.util.HashMap, java.util.Currency, [F, long, java.util.Stack, java.util.TreeSet, [I, java.util.ArrayList, [J, java.util.HashSet, java.util.LinkedHashMap, java.util.Calendar, java.lang.StringBuffer, [S, [Ljava.math.BigInteger;, java.lang.Boolean, [Ljava.lang.Number;, java.lang.String, [Ljava.math.BigDecimal;, java.lang.Number, java.util.LinkedList, java.util.Hashtable, java.util.LinkedHashSet, [Z, [Ljava.lang.Float;, java.util.Properties, [Ljava.lang.Byte;, [Ljava.util.Locale;, int, java.sql.Date, boolean, java.util.TreeMap, [Ljava.lang.Long;, char, short, java.lang.Class, java.util.BitSet, java.util.Arrays$ArrayList
10:41:27,687 (main) DEBUG [DataNucleus.Persistence] - Type converter support initialising ...
10:41:27,736 (main) DEBUG [DataNucleus.Persistence] - Type converter support loaded
10:41:27,736 (main) DEBUG [DataNucleus.Persistence] - TypeConverter(s) available for byte[] to : java.nio.ByteBuffer
10:41:27,737 (main) DEBUG [DataNucleus.Persistence] - TypeConverter(s) available for char[] to : java.nio.ByteBuffer
10:41:27,737 (main) DEBUG [DataNucleus.Persistence] - TypeConverter(s) available for double[] to : java.nio.ByteBuffer
10:41:27,737 (main) DEBUG [DataNucleus.Persistence] - TypeConverter(s) available for float[] to : java.nio.ByteBuffer
10:41:27,737 (main) DEBUG [DataNucleus.Persistence] - TypeConverter(s) available for int[] to : java.nio.ByteBuffer
10:41:27,745 (main) DEBUG [DataNucleus.Persistence] - TypeConverter(s) available for long[] to : java.nio.ByteBuffer
10:41:27,745 (main) DEBUG [DataNucleus.Persistence] - TypeConverter(s) available for short[] to : java.nio.ByteBuffer
10:41:27,746 (main) DEBUG [DataNucleus.Persistence] - TypeConverter(s) available for boolean[] to : java.nio.ByteBuffer
10:41:27,746 (main) DEBUG [DataNucleus.Persistence] - TypeConverter(s) available for java.awt.Color to : int[],java.lang.String
10:41:27,746 (main) DEBUG [DataNucleus.Persistence] - TypeConverter(s) available for java.io.Serializable to : java.nio.ByteBuffer,java.lang.String,byte[]
10:41:27,746 (main) DEBUG [DataNucleus.Persistence] - TypeConverter(s) available for java.lang.Character to : java.lang.String
10:41:27,746 (main) DEBUG [DataNucleus.Persistence] - TypeConverter(s) available for java.lang.Class to : java.lang.String
10:41:27,746 (main) DEBUG [DataNucleus.Persistence] - TypeConverter(s) available for java.lang.Integer to : java.lang.String
10:41:27,746 (main) DEBUG [DataNucleus.Persistence] - TypeConverter(s) available for java.lang.Long to : java.lang.String
10:41:27,747 (main) DEBUG [DataNucleus.Persistence] - TypeConverter(s) available for java.lang.StringBuffer to : java.lang.String
10:41:27,747 (main) DEBUG [DataNucleus.Persistence] - TypeConverter(s) available for java.lang.StringBuilder to : java.lang.String
10:41:27,747 (main) DEBUG [DataNucleus.Persistence] - TypeConverter(s) available for java.math.BigDecimal to : java.nio.ByteBuffer,java.lang.Double,java.lang.String
10:41:27,747 (main) DEBUG [DataNucleus.Persistence] - TypeConverter(s) available for java.math.BigInteger to : java.nio.ByteBuffer,java.lang.String,java.lang.Long
10:41:27,747 (main) DEBUG [DataNucleus.Persistence] - TypeConverter(s) available for java.net.URI to : java.lang.String
10:41:27,747 (main) DEBUG [DataNucleus.Persistence] - TypeConverter(s) available for java.net.URL to : java.lang.String
10:41:27,747 (main) DEBUG [DataNucleus.Persistence] - TypeConverter(s) available for java.sql.Date to : java.lang.String,java.util.Date,java.lang.Long
10:41:27,747 (main) DEBUG [DataNucleus.Persistence] - TypeConverter(s) available for java.sql.Time to : java.lang.String,java.util.Date,java.lang.Long
10:41:27,747 (main) DEBUG [DataNucleus.Persistence] - TypeConverter(s) available for java.sql.Timestamp to : java.lang.String,java.util.Date,java.lang.Long
10:41:27,747 (main) DEBUG [DataNucleus.Persistence] - TypeConverter(s) available for java.util.BitSet to : java.lang.String
10:41:27,747 (main) DEBUG [DataNucleus.Persistence] - TypeConverter(s) available for java.util.Calendar to : java.sql.Timestamp,java.lang.String,java.util.Date
10:41:27,747 (main) DEBUG [DataNucleus.Persistence] - TypeConverter(s) available for java.util.Currency to : java.lang.String
10:41:27,747 (main) DEBUG [DataNucleus.Persistence] - TypeConverter(s) available for java.util.Date to : java.lang.String,java.lang.Long
10:41:27,747 (main) DEBUG [DataNucleus.Persistence] - TypeConverter(s) available for java.util.Locale to : java.lang.String
10:41:27,748 (main) DEBUG [DataNucleus.Persistence] - TypeConverter(s) available for java.util.TimeZone to : java.lang.String
10:41:27,748 (main) DEBUG [DataNucleus.Persistence] - TypeConverter(s) available for java.util.UUID to : java.lang.String
10:41:27,750 (main) DEBUG [DataNucleus.MetaData] - MetaDataManager : Input=(XML,Annotations), XML-Validation=false, XML-Suffices=(persistence=*.jdo, orm=orm, query=*.jdoquery), JDO-listener=true
10:41:27,750 (main) DEBUG [DataNucleus.MetaData] - Registering listener for metadata initialisation
10:41:28,012 (main) DEBUG [DataNucleus.MetaData] - Parsing MetaData file "file:/Users/antoine/workspace/Portsmouth/target/classes/META-INF/persistence.xml" using handler "persistence" (validation="false")
10:41:28,350 (main) DEBUG [DataNucleus.MetaData] - MetaData Management : Loading Metadata for persistence-unit "ProMol" ...
10:41:28,353 (main) ERROR [DataNucleus.MetaData] - Class "uk.ac.port.projects.molecules.Product" was not found in the CLASSPATH. Please check your specification and your CLASSPATH.
org.datanucleus.exceptions.ClassNotResolvedException: Class "uk.ac.port.projects.molecules.Product" was not found in the CLASSPATH. Please check your specification and your CLASSPATH.
	at org.datanucleus.ClassLoaderResolverImpl.classForName(ClassLoaderResolverImpl.java:217)
	at org.datanucleus.ClassLoaderResolverImpl.classForName(ClassLoaderResolverImpl.java:381)
	at org.datanucleus.metadata.MetaDataManagerImpl.loadPersistenceUnit(MetaDataManagerImpl.java:1062)
	at org.datanucleus.store.schema.SchemaTool.getNucleusContextForMode(SchemaTool.java:693)
	at org.datanucleus.store.schema.SchemaTool.main(SchemaTool.java:290)

10:41:28,354 (main) ERROR [DataNucleus.MetaData] - Class "uk.ac.port.projects.molecules.Molecule" was not found in the CLASSPATH. Please check your specification and your CLASSPATH.
org.datanucleus.exceptions.ClassNotResolvedException: Class "uk.ac.port.projects.molecules.Molecule" was not found in the CLASSPATH. Please check your specification and your CLASSPATH.
	at org.datanucleus.ClassLoaderResolverImpl.classForName(ClassLoaderResolverImpl.java:217)
	at org.datanucleus.ClassLoaderResolverImpl.classForName(ClassLoaderResolverImpl.java:381)
	at org.datanucleus.metadata.MetaDataManagerImpl.loadPersistenceUnit(MetaDataManagerImpl.java:1062)
	at org.datanucleus.store.schema.SchemaTool.getNucleusContextForMode(SchemaTool.java:693)
	at org.datanucleus.store.schema.SchemaTool.main(SchemaTool.java:290)

10:41:28,354 (main) ERROR [DataNucleus.MetaData] - Class "uk.ac.port.projects.molecules.Book" was not found in the CLASSPATH. Please check your specification and your CLASSPATH.
org.datanucleus.exceptions.ClassNotResolvedException: Class "uk.ac.port.projects.molecules.Book" was not found in the CLASSPATH. Please check your specification and your CLASSPATH.
	at org.datanucleus.ClassLoaderResolverImpl.classForName(ClassLoaderResolverImpl.java:217)
	at org.datanucleus.ClassLoaderResolverImpl.classForName(ClassLoaderResolverImpl.java:381)
	at org.datanucleus.metadata.MetaDataManagerImpl.loadPersistenceUnit(MetaDataManagerImpl.java:1062)
	at org.datanucleus.store.schema.SchemaTool.getNucleusContextForMode(SchemaTool.java:693)
	at org.datanucleus.store.schema.SchemaTool.main(SchemaTool.java:290)

10:41:28,355 (main) ERROR [DataNucleus.MetaData] - Class "uk.ac.port.projects.molecules.Inventory" was not found in the CLASSPATH. Please check your specification and your CLASSPATH.
org.datanucleus.exceptions.ClassNotResolvedException: Class "uk.ac.port.projects.molecules.Inventory" was not found in the CLASSPATH. Please check your specification and your CLASSPATH.
	at org.datanucleus.ClassLoaderResolverImpl.classForName(ClassLoaderResolverImpl.java:217)
	at org.datanucleus.ClassLoaderResolverImpl.classForName(ClassLoaderResolverImpl.java:381)
	at org.datanucleus.metadata.MetaDataManagerImpl.loadPersistenceUnit(MetaDataManagerImpl.java:1062)
	at org.datanucleus.store.schema.SchemaTool.getNucleusContextForMode(SchemaTool.java:693)
	at org.datanucleus.store.schema.SchemaTool.main(SchemaTool.java:290)

10:41:28,355 (main) DEBUG [DataNucleus.MetaData] - MetaData Management : Load of Metadata complete
10:41:28,357 (main) DEBUG [DataNucleus.Datastore] - Creating StoreManager for datastore
10:41:28,820 (main) DEBUG [DataNucleus.Connection] - Created tx data source using pooling type of dbcp-builtin
10:41:28,820 (main) DEBUG [DataNucleus.Connection] - Registered transactional connection factory under name "rdbms/tx"
10:41:28,820 (main) DEBUG [DataNucleus.Connection] - Registered nontransactional connection factory under name "rdbms/nontx"
10:41:29,163 (main) DEBUG [DataNucleus.Connection] - Created nontx data source using pooling type of dbcp-builtin
10:41:31,290 (main) DEBUG [DataNucleus.Connection] - ManagedConnection(non-enlisted) "org.datanucleus.store.rdbms.ConnectionFactoryImpl$ManagedConnectionImpl@63e2203c [conn=null, commitOnRelease=true, closeOnRelease=true, closeOnTxnEnd=true]" opened
10:41:31,739 (main) DEBUG [DataNucleus.Datastore] - Adding RDBMS support for Java type java.lang.Boolean (jdbc-type=BIT, sql-type=BIT, datastore-mapping-type=org.datanucleus.store.rdbms.mapping.datastore.BitRDBMSMapping, default=true)
10:41:31,742 (main) DEBUG [DataNucleus.Datastore] - Adding RDBMS support for Java type java.lang.Boolean (jdbc-type=CHAR, sql-type=CHAR, datastore-mapping-type=org.datanucleus.store.rdbms.mapping.datastore.CharRDBMSMapping, default=false)
10:41:31,743 (main) DEBUG [DataNucleus.Datastore] - Adding RDBMS support for Java type java.lang.Boolean (jdbc-type=BOOLEAN, sql-type=BOOLEAN, datastore-mapping-type=org.datanucleus.store.rdbms.mapping.datastore.BooleanRDBMSMapping, default=false)
10:41:31,744 (main) DEBUG [DataNucleus.Datastore] - Adding RDBMS support for Java type java.lang.Boolean (jdbc-type=TINYINT, sql-type=TINYINT, datastore-mapping-type=org.datanucleus.store.rdbms.mapping.datastore.TinyIntRDBMSMapping, default=false)
10:41:31,747 (main) DEBUG [DataNucleus.Datastore] - Adding RDBMS support for Java type java.lang.Boolean (jdbc-type=SMALLINT, sql-type=SMALLINT, datastore-mapping-type=org.datanucleus.store.rdbms.mapping.datastore.SmallIntRDBMSMapping, default=false)
10:41:31,748 (main) DEBUG [DataNucleus.Datastore] - Adding RDBMS support for Java type java.lang.Byte (jdbc-type=TINYINT, sql-type=TINYINT, datastore-mapping-type=org.datanucleus.store.rdbms.mapping.datastore.TinyIntRDBMSMapping, default=true)
10:41:31,748 (main) DEBUG [DataNucleus.Datastore] - Adding RDBMS support for Java type java.lang.Byte (jdbc-type=SMALLINT, sql-type=SMALLINT, datastore-mapping-type=org.datanucleus.store.rdbms.mapping.datastore.SmallIntRDBMSMapping, default=false)
10:41:31,748 (main) DEBUG [DataNucleus.Datastore] - Adding RDBMS support for Java type java.lang.Character (jdbc-type=CHAR, sql-type=CHAR, datastore-mapping-type=org.datanucleus.store.rdbms.mapping.datastore.CharRDBMSMapping, default=true)
10:41:31,749 (main) DEBUG [DataNucleus.Datastore] - Adding RDBMS support for Java type java.lang.Character (jdbc-type=INTEGER, sql-type=INTEGER, datastore-mapping-type=org.datanucleus.store.rdbms.mapping.datastore.IntegerRDBMSMapping, default=false)
10:41:31,750 (main) DEBUG [DataNucleus.Datastore] - Adding RDBMS support for Java type java.lang.Double (jdbc-type=DOUBLE, sql-type=DOUBLE, datastore-mapping-type=org.datanucleus.store.rdbms.mapping.datastore.DoubleRDBMSMapping, default=true)
10:41:31,752 (main) DEBUG [DataNucleus.Datastore] - Adding RDBMS support for Java type java.lang.Double (jdbc-type=DECIMAL, sql-type=DECIMAL, datastore-mapping-type=org.datanucleus.store.rdbms.mapping.datastore.DecimalRDBMSMapping, default=false)
10:41:31,752 (main) DEBUG [DataNucleus.Datastore] - Adding RDBMS support for Java type java.lang.Float (jdbc-type=FLOAT, sql-type=FLOAT, datastore-mapping-type=org.datanucleus.store.rdbms.mapping.datastore.FloatRDBMSMapping, default=true)
10:41:31,752 (main) DEBUG [DataNucleus.Datastore] - Adding RDBMS support for Java type java.lang.Float (jdbc-type=DOUBLE, sql-type=DOUBLE, datastore-mapping-type=org.datanucleus.store.rdbms.mapping.datastore.DoubleRDBMSMapping, default=false)
10:41:31,753 (main) DEBUG [DataNucleus.Datastore] - Adding RDBMS support for Java type java.lang.Float (jdbc-type=REAL, sql-type=REAL, datastore-mapping-type=org.datanucleus.store.rdbms.mapping.datastore.RealRDBMSMapping, default=false)
10:41:31,754 (main) DEBUG [DataNucleus.Datastore] - Adding RDBMS support for Java type java.lang.Float (jdbc-type=DECIMAL, sql-type=DECIMAL, datastore-mapping-type=org.datanucleus.store.rdbms.mapping.datastore.DecimalRDBMSMapping, default=false)
10:41:31,754 (main) DEBUG [DataNucleus.Datastore] - Adding RDBMS support for Java type java.lang.Integer (jdbc-type=INTEGER, sql-type=INTEGER, datastore-mapping-type=org.datanucleus.store.rdbms.mapping.datastore.IntegerRDBMSMapping, default=true)
10:41:31,754 (main) DEBUG [DataNucleus.Datastore] - Adding RDBMS support for Java type java.lang.Integer (jdbc-type=BIGINT, sql-type=BIGINT, datastore-mapping-type=org.datanucleus.store.rdbms.mapping.datastore.BigIntRDBMSMapping, default=false)
10:41:31,754 (main) DEBUG [DataNucleus.Datastore] - Adding RDBMS support for Java type java.lang.Integer (jdbc-type=NUMERIC, sql-type=NUMERIC, datastore-mapping-type=org.datanucleus.store.rdbms.mapping.datastore.NumericRDBMSMapping, default=false)
10:41:31,755 (main) DEBUG [DataNucleus.Datastore] - Adding RDBMS support for Java type java.lang.Integer (jdbc-type=TINYINT, sql-type=TINYINT, datastore-mapping-type=org.datanucleus.store.rdbms.mapping.datastore.TinyIntRDBMSMapping, default=false)
10:41:31,756 (main) DEBUG [DataNucleus.Datastore] - Adding RDBMS support for Java type java.lang.Integer (jdbc-type=SMALLINT, sql-type=SMALLINT, datastore-mapping-type=org.datanucleus.store.rdbms.mapping.datastore.SmallIntRDBMSMapping, default=false)
10:41:31,756 (main) DEBUG [DataNucleus.Datastore] - Adding RDBMS support for Java type java.lang.Long (jdbc-type=BIGINT, sql-type=BIGINT, datastore-mapping-type=org.datanucleus.store.rdbms.mapping.datastore.BigIntRDBMSMapping, default=true)
10:41:31,756 (main) DEBUG [DataNucleus.Datastore] - Adding RDBMS support for Java type java.lang.Long (jdbc-type=INTEGER, sql-type=INT, datastore-mapping-type=org.datanucleus.store.rdbms.mapping.datastore.IntegerRDBMSMapping, default=false)
10:41:31,756 (main) DEBUG [DataNucleus.Datastore] - Adding RDBMS support for Java type java.lang.Long (jdbc-type=NUMERIC, sql-type=NUMERIC, datastore-mapping-type=org.datanucleus.store.rdbms.mapping.datastore.NumericRDBMSMapping, default=false)
10:41:31,757 (main) DEBUG [DataNucleus.Datastore] - Adding RDBMS support for Java type java.lang.Long (jdbc-type=TINYINT, sql-type=TINYINT, datastore-mapping-type=org.datanucleus.store.rdbms.mapping.datastore.TinyIntRDBMSMapping, default=false)
10:41:31,757 (main) DEBUG [DataNucleus.Datastore] - Adding RDBMS support for Java type java.lang.Long (jdbc-type=SMALLINT, sql-type=SMALLINT, datastore-mapping-type=org.datanucleus.store.rdbms.mapping.datastore.SmallIntRDBMSMapping, default=false)
10:41:31,757 (main) DEBUG [DataNucleus.Datastore] - Adding RDBMS support for Java type java.lang.Short (jdbc-type=SMALLINT, sql-type=SMALLINT, datastore-mapping-type=org.datanucleus.store.rdbms.mapping.datastore.SmallIntRDBMSMapping, default=true)
10:41:31,757 (main) DEBUG [DataNucleus.Datastore] - Adding RDBMS support for Java type java.lang.Short (jdbc-type=INTEGER, sql-type=INTEGER, datastore-mapping-type=org.datanucleus.store.rdbms.mapping.datastore.IntegerRDBMSMapping, default=false)
10:41:31,757 (main) DEBUG [DataNucleus.Datastore] - Adding RDBMS support for Java type java.lang.Short (jdbc-type=TINYINT, sql-type=TINYINT, datastore-mapping-type=org.datanucleus.store.rdbms.mapping.datastore.TinyIntRDBMSMapping, default=false)
10:41:31,758 (main) DEBUG [DataNucleus.Datastore] - Adding RDBMS support for Java type java.lang.String (jdbc-type=VARCHAR, sql-type=VARCHAR, datastore-mapping-type=org.datanucleus.store.rdbms.mapping.datastore.VarCharRDBMSMapping, default=true)
10:41:31,758 (main) DEBUG [DataNucleus.Datastore] - Adding RDBMS support for Java type java.lang.String (jdbc-type=CHAR, sql-type=CHAR, datastore-mapping-type=org.datanucleus.store.rdbms.mapping.datastore.CharRDBMSMapping, default=false)
10:41:31,758 (main) DEBUG [DataNucleus.Datastore] - Adding RDBMS support for Java type java.lang.String (jdbc-type=BIGINT, sql-type=BIGINT, datastore-mapping-type=org.datanucleus.store.rdbms.mapping.datastore.BigIntRDBMSMapping, default=false)
10:41:31,759 (main) DEBUG [DataNucleus.Datastore] - Adding RDBMS support for Java type java.lang.String (jdbc-type=LONGVARCHAR, sql-type=LONGVARCHAR, datastore-mapping-type=org.datanucleus.store.rdbms.mapping.datastore.LongVarcharRDBMSMapping, default=false)
10:41:31,759 (main) DEBUG [DataNucleus.Datastore] - Adding RDBMS support for Java type java.lang.String (jdbc-type=CLOB, sql-type=CLOB, datastore-mapping-type=org.datanucleus.store.rdbms.mapping.datastore.ClobRDBMSMapping, default=false)
10:41:31,762 (main) DEBUG [DataNucleus.Datastore] - Adding RDBMS support for Java type java.lang.String (jdbc-type=BLOB, sql-type=BLOB, datastore-mapping-type=org.datanucleus.store.rdbms.mapping.datastore.BlobRDBMSMapping, default=false)
10:41:31,765 (main) DEBUG [DataNucleus.Datastore] - Adding RDBMS support for Java type java.lang.String (jdbc-type=LONGVARCHAR, sql-type=LONGTEXT, datastore-mapping-type=org.datanucleus.store.rdbms.mapping.datastore.LongVarcharRDBMSMapping, default=false)
10:41:31,765 (main) DEBUG [DataNucleus.Datastore] - Adding RDBMS support for Java type java.lang.String (jdbc-type=LONGVARCHAR, sql-type=MEDIUMTEXT, datastore-mapping-type=org.datanucleus.store.rdbms.mapping.datastore.LongVarcharRDBMSMapping, default=false)
10:41:31,766 (main) DEBUG [DataNucleus.Datastore] - Adding RDBMS support for Java type java.lang.String (jdbc-type=LONGVARCHAR, sql-type=TEXT, datastore-mapping-type=org.datanucleus.store.rdbms.mapping.datastore.LongVarcharRDBMSMapping, default=false)
10:41:31,766 (main) DEBUG [DataNucleus.Datastore] - Adding RDBMS support for Java type java.lang.String (jdbc-type=BLOB, sql-type=LONGBLOB, datastore-mapping-type=org.datanucleus.store.rdbms.mapping.datastore.BlobRDBMSMapping, default=false)
10:41:31,766 (main) DEBUG [DataNucleus.Datastore] - Adding RDBMS support for Java type java.lang.String (jdbc-type=BLOB, sql-type=MEDIUMBLOB, datastore-mapping-type=org.datanucleus.store.rdbms.mapping.datastore.BlobRDBMSMapping, default=false)
10:41:31,805 (main) DEBUG [DataNucleus.Datastore] - Adding RDBMS support for Java type java.lang.String (jdbc-type=NVARCHAR, sql-type=NVARCHAR, datastore-mapping-type=org.datanucleus.store.rdbms.mapping.datastore.NVarcharRDBMSMapping, default=false)
10:41:31,805 (main) DEBUG [DataNucleus.Datastore] - Adding RDBMS support for Java type java.lang.String (jdbc-type=NCHAR, sql-type=NCHAR, datastore-mapping-type=org.datanucleus.store.rdbms.mapping.datastore.NCharRDBMSMapping, default=false)
10:41:31,805 (main) DEBUG [DataNucleus.Datastore] - Adding RDBMS support for Java type java.math.BigDecimal (jdbc-type=DECIMAL, sql-type=DECIMAL, datastore-mapping-type=org.datanucleus.store.rdbms.mapping.datastore.DecimalRDBMSMapping, default=true)
10:41:31,805 (main) DEBUG [DataNucleus.Datastore] - Adding RDBMS support for Java type java.math.BigDecimal (jdbc-type=NUMERIC, sql-type=NUMERIC, datastore-mapping-type=org.datanucleus.store.rdbms.mapping.datastore.NumericRDBMSMapping, default=false)
10:41:31,805 (main) DEBUG [DataNucleus.Datastore] - Adding RDBMS support for Java type java.math.BigInteger (jdbc-type=NUMERIC, sql-type=NUMERIC, datastore-mapping-type=org.datanucleus.store.rdbms.mapping.datastore.NumericRDBMSMapping, default=true)
10:41:31,806 (main) DEBUG [DataNucleus.Datastore] - Adding RDBMS support for Java type java.sql.Date (jdbc-type=DATE, sql-type=DATE, datastore-mapping-type=org.datanucleus.store.rdbms.mapping.datastore.DateRDBMSMapping, default=true)
10:41:31,807 (main) DEBUG [DataNucleus.Datastore] - Adding RDBMS support for Java type java.sql.Date (jdbc-type=TIMESTAMP, sql-type=TIMESTAMP, datastore-mapping-type=org.datanucleus.store.rdbms.mapping.datastore.TimestampRDBMSMapping, default=false)
10:41:31,807 (main) DEBUG [DataNucleus.Datastore] - Adding RDBMS support for Java type java.sql.Date (jdbc-type=CHAR, sql-type=CHAR, datastore-mapping-type=org.datanucleus.store.rdbms.mapping.datastore.CharRDBMSMapping, default=false)
10:41:31,807 (main) DEBUG [DataNucleus.Datastore] - Adding RDBMS support for Java type java.sql.Date (jdbc-type=VARCHAR, sql-type=VARCHAR, datastore-mapping-type=org.datanucleus.store.rdbms.mapping.datastore.VarCharRDBMSMapping, default=false)
10:41:31,808 (main) DEBUG [DataNucleus.Datastore] - Adding RDBMS support for Java type java.sql.Date (jdbc-type=BIGINT, sql-type=BIGINT, datastore-mapping-type=org.datanucleus.store.rdbms.mapping.datastore.BigIntRDBMSMapping, default=false)
10:41:31,808 (main) DEBUG [DataNucleus.Datastore] - Adding RDBMS support for Java type java.sql.Time (jdbc-type=TIME, sql-type=TIME, datastore-mapping-type=org.datanucleus.store.rdbms.mapping.datastore.TimeRDBMSMapping, default=true)
10:41:31,809 (main) DEBUG [DataNucleus.Datastore] - Adding RDBMS support for Java type java.sql.Time (jdbc-type=TIMESTAMP, sql-type=TIMESTAMP, datastore-mapping-type=org.datanucleus.store.rdbms.mapping.datastore.TimestampRDBMSMapping, default=false)
10:41:31,809 (main) DEBUG [DataNucleus.Datastore] - Adding RDBMS support for Java type java.sql.Time (jdbc-type=CHAR, sql-type=CHAR, datastore-mapping-type=org.datanucleus.store.rdbms.mapping.datastore.CharRDBMSMapping, default=false)
10:41:31,809 (main) DEBUG [DataNucleus.Datastore] - Adding RDBMS support for Java type java.sql.Time (jdbc-type=VARCHAR, sql-type=VARCHAR, datastore-mapping-type=org.datanucleus.store.rdbms.mapping.datastore.VarCharRDBMSMapping, default=false)
10:41:31,809 (main) DEBUG [DataNucleus.Datastore] - Adding RDBMS support for Java type java.sql.Time (jdbc-type=BIGINT, sql-type=BIGINT, datastore-mapping-type=org.datanucleus.store.rdbms.mapping.datastore.BigIntRDBMSMapping, default=false)
10:41:31,810 (main) DEBUG [DataNucleus.Datastore] - Adding RDBMS support for Java type java.sql.Timestamp (jdbc-type=TIMESTAMP, sql-type=TIMESTAMP, datastore-mapping-type=org.datanucleus.store.rdbms.mapping.datastore.TimestampRDBMSMapping, default=true)
10:41:31,810 (main) DEBUG [DataNucleus.Datastore] - Adding RDBMS support for Java type java.sql.Timestamp (jdbc-type=CHAR, sql-type=CHAR, datastore-mapping-type=org.datanucleus.store.rdbms.mapping.datastore.CharRDBMSMapping, default=false)
10:41:31,810 (main) DEBUG [DataNucleus.Datastore] - Adding RDBMS support for Java type java.sql.Timestamp (jdbc-type=VARCHAR, sql-type=VARCHAR, datastore-mapping-type=org.datanucleus.store.rdbms.mapping.datastore.VarCharRDBMSMapping, default=false)
10:41:31,810 (main) DEBUG [DataNucleus.Datastore] - Adding RDBMS support for Java type java.util.Date (jdbc-type=TIMESTAMP, sql-type=TIMESTAMP, datastore-mapping-type=org.datanucleus.store.rdbms.mapping.datastore.TimestampRDBMSMapping, default=true)
10:41:31,810 (main) DEBUG [DataNucleus.Datastore] - Adding RDBMS support for Java type java.util.Date (jdbc-type=DATE, sql-type=DATE, datastore-mapping-type=org.datanucleus.store.rdbms.mapping.datastore.DateRDBMSMapping, default=false)
10:41:31,810 (main) DEBUG [DataNucleus.Datastore] - Adding RDBMS support for Java type java.util.Date (jdbc-type=CHAR, sql-type=CHAR, datastore-mapping-type=org.datanucleus.store.rdbms.mapping.datastore.CharRDBMSMapping, default=false)
10:41:31,810 (main) DEBUG [DataNucleus.Datastore] - Adding RDBMS support for Java type java.util.Date (jdbc-type=VARCHAR, sql-type=VARCHAR, datastore-mapping-type=org.datanucleus.store.rdbms.mapping.datastore.VarCharRDBMSMapping, default=false)
10:41:31,810 (main) DEBUG [DataNucleus.Datastore] - Adding RDBMS support for Java type java.util.Date (jdbc-type=BIGINT, sql-type=BIGINT, datastore-mapping-type=org.datanucleus.store.rdbms.mapping.datastore.BigIntRDBMSMapping, default=false)
10:41:31,810 (main) DEBUG [DataNucleus.Datastore] - Adding RDBMS support for Java type java.util.Date (jdbc-type=TIME, sql-type=TIME, datastore-mapping-type=org.datanucleus.store.rdbms.mapping.datastore.TimeRDBMSMapping, default=false)
10:41:31,811 (main) DEBUG [DataNucleus.Datastore] - Adding RDBMS support for Java type java.io.Serializable (jdbc-type=LONGVARBINARY, sql-type=LONGVARBINARY, datastore-mapping-type=org.datanucleus.store.rdbms.mapping.datastore.LongVarBinaryRDBMSMapping, default=true)
10:41:31,811 (main) DEBUG [DataNucleus.Datastore] - Adding RDBMS support for Java type java.io.Serializable (jdbc-type=BLOB, sql-type=BLOB, datastore-mapping-type=org.datanucleus.store.rdbms.mapping.datastore.BlobRDBMSMapping, default=false)
10:41:31,812 (main) DEBUG [DataNucleus.Datastore] - Adding RDBMS support for Java type java.io.Serializable (jdbc-type=VARBINARY, sql-type=VARBINARY, datastore-mapping-type=org.datanucleus.store.rdbms.mapping.datastore.VarBinaryRDBMSMapping, default=false)
10:41:31,813 (main) DEBUG [DataNucleus.Datastore] - Adding RDBMS support for Java type java.io.File (jdbc-type=LONGVARBINARY, sql-type=LONGVARBINARY, datastore-mapping-type=org.datanucleus.store.rdbms.mapping.datastore.BinaryStreamRDBMSMapping, default=true)
10:41:31,813 (main) DEBUG [DataNucleus.Datastore] - Adding RDBMS support for Java type org.datanucleus.identity.OID (jdbc-type=BIGINT, sql-type=BIGINT, datastore-mapping-type=org.datanucleus.store.rdbms.mapping.datastore.BigIntRDBMSMapping, default=true)
10:41:31,813 (main) DEBUG [DataNucleus.Datastore] - Adding RDBMS support for Java type org.datanucleus.identity.OID (jdbc-type=INTEGER, sql-type=INTEGER, datastore-mapping-type=org.datanucleus.store.rdbms.mapping.datastore.IntegerRDBMSMapping, default=false)
10:41:31,813 (main) DEBUG [DataNucleus.Datastore] - Adding RDBMS support for Java type org.datanucleus.identity.OID (jdbc-type=NUMERIC, sql-type=NUMERIC, datastore-mapping-type=org.datanucleus.store.rdbms.mapping.datastore.NumericRDBMSMapping, default=false)
10:41:31,813 (main) DEBUG [DataNucleus.Datastore] - Adding RDBMS support for Java type org.datanucleus.identity.OID (jdbc-type=CHAR, sql-type=CHAR, datastore-mapping-type=org.datanucleus.store.rdbms.mapping.datastore.CharRDBMSMapping, default=false)
10:41:31,813 (main) DEBUG [DataNucleus.Datastore] - Adding RDBMS support for Java type org.datanucleus.identity.OID (jdbc-type=VARCHAR, sql-type=VARCHAR, datastore-mapping-type=org.datanucleus.store.rdbms.mapping.datastore.VarCharRDBMSMapping, default=false)
10:41:31,958 (main) DEBUG [DataNucleus.Datastore] - Removing RDBMS support for Java type java.lang.Float (jdbc-type=REAL, sql-type=REAL)
10:41:31,959 (main) DEBUG [DataNucleus.Datastore] - Removing RDBMS support for Java type java.lang.String (jdbc-type=NVARCHAR, sql-type=NVARCHAR)
10:41:31,959 (main) DEBUG [DataNucleus.Datastore] - Removing RDBMS support for Java type java.lang.String (jdbc-type=NCHAR, sql-type=NCHAR)
10:41:31,959 (main) DEBUG [DataNucleus.Datastore] - Removing RDBMS support for Java type java.lang.Boolean (jdbc-type=BOOLEAN, sql-type=BOOLEAN)
10:41:32,202 (main) DEBUG [DataNucleus.Datastore.Schema] - Column "`DELETEME1397122892151`.`UNUSED`" added to internal representation of table.
10:41:32,240 (main) DEBUG [DataNucleus.Datastore.Schema] - Creating table `DELETEME1397122892151`
10:41:32,286 (main) DEBUG [DataNucleus.Datastore.Schema] - CREATE TABLE `DELETEME1397122892151`
(
    `UNUSED` INTEGER NOT NULL
) ENGINE=INNODB
10:41:32,974 (main) DEBUG [DataNucleus.Datastore.Schema] - Execution Time = 687 ms
10:41:33,084 (main) DEBUG [DataNucleus.Datastore.Schema] - Schema Name could not be determined for this datastore
10:41:33,084 (main) DEBUG [DataNucleus.Datastore.Schema] - Dropping table `DELETEME1397122892151`
10:41:33,085 (main) DEBUG [DataNucleus.Datastore.Schema] - DROP TABLE `DELETEME1397122892151`
10:41:33,189 (main) DEBUG [DataNucleus.Datastore.Schema] - Execution Time = 104 ms
10:41:33,190 (main) DEBUG [DataNucleus.Datastore] - ======================= Datastore =========================
10:41:33,190 (main) DEBUG [DataNucleus.Datastore] - StoreManager : "rdbms" (org.datanucleus.store.rdbms.RDBMSStoreManager)
10:41:33,190 (main) DEBUG [DataNucleus.Datastore] - Datastore : read-write
10:41:33,190 (main) DEBUG [DataNucleus.Datastore] - Schema Control : AutoCreate(Tables,Columns,Constraints), Validate(None)
10:41:33,190 (main) DEBUG [DataNucleus.Datastore] - Schema : NamingFactory=datanucleus2 identifierCase=null
10:41:33,190 (main) DEBUG [DataNucleus.Datastore] - Query Languages : [JDOQL, JPQL, SQL, STOREDPROC]
10:41:33,190 (main) DEBUG [DataNucleus.Datastore] - Queries : Timeout=0
10:41:33,191 (main) DEBUG [DataNucleus.Datastore] - ===========================================================
10:41:33,191 (main) DEBUG [DataNucleus.Datastore] - Datastore Adapter : org.datanucleus.store.rdbms.adapter.MySQLAdapter
10:41:33,191 (main) DEBUG [DataNucleus.Datastore] - Datastore : name="MySQL" version="5.6.14"
10:41:33,191 (main) DEBUG [DataNucleus.Datastore] - Datastore Driver : name="MySQL-AB JDBC Driver" version="mysql-connector-java-5.1.17 ( Revision: ${bzr.revision-id} )"
10:41:33,191 (main) DEBUG [DataNucleus.Datastore] - Primary Connection Factory : URL[jdbc:mysql://stowka.co/danu?useServerPrepStmts=false]
10:41:33,191 (main) DEBUG [DataNucleus.Datastore] - Secondary Connection Factory : URL[jdbc:mysql://stowka.co/danu?useServerPrepStmts=false]
10:41:33,192 (main) DEBUG [DataNucleus.Datastore] - Datastore Identifiers : factory="datanucleus2" case="UPPERCASE" catalog=danu
10:41:33,192 (main) DEBUG [DataNucleus.Datastore] - Supported Identifier Cases : MixedCase "MixedCase" "UPPERCASE" 
10:41:33,192 (main) DEBUG [DataNucleus.Datastore] - Supported Identifier Lengths (max) : Table=64 Column=64 Constraint=64 Index=64 Delimiter=`
10:41:33,192 (main) DEBUG [DataNucleus.Datastore] - Support for Identifiers in DDL : catalog=true schema=false
10:41:33,192 (main) DEBUG [DataNucleus.Datastore] - Datastore : checkTableViewExistence, rdbmsConstraintCreateMode=DataNucleus, initialiseColumnInfo=ALL
10:41:33,192 (main) DEBUG [DataNucleus.Datastore] - Support Statement Batching : yes (max-batch-size=50)
10:41:33,192 (main) DEBUG [DataNucleus.Datastore] - Queries : Results direction=forward, type=forward-only, concurrency=read-only
10:41:33,192 (main) DEBUG [DataNucleus.Datastore] - Java-Types : string-default-length=255
10:41:33,194 (main) DEBUG [DataNucleus.Datastore] - JDBC-Types : VARCHAR, LONGVARCHAR, BINARY, VARBINARY, LONGVARBINARY, BIGINT, TINYINT, BIT, CHAR, NUMERIC, DECIMAL, INTEGER, CLOB, SMALLINT, BLOB, FLOAT, DOUBLE, DATE, TIME, TIMESTAMP
10:41:33,194 (main) DEBUG [DataNucleus.Datastore] - ===========================================================
10:41:33,195 (main) DEBUG [DataNucleus.Connection] - ManagedConnection(non-enlisted) "org.datanucleus.store.rdbms.ConnectionFactoryImpl$ManagedConnectionImpl@63e2203c [conn=org.datanucleus.store.rdbms.datasource.dbcp.PoolingDataSource$PoolGuardConnectionWrapper@74a10858, commitOnRelease=true, closeOnRelease=true, closeOnTxnEnd=true]" is being committed.
10:41:33,198 (main) DEBUG [DataNucleus.Connection] - ManagedConnection(non-enlisted) "org.datanucleus.store.rdbms.ConnectionFactoryImpl$ManagedConnectionImpl@63e2203c [conn=org.datanucleus.store.rdbms.datasource.dbcp.PoolingDataSource$PoolGuardConnectionWrapper@74a10858, commitOnRelease=true, closeOnRelease=true, closeOnTxnEnd=true]" closed
10:41:33,204 (main) DEBUG [DataNucleus.Datastore] - StoreManager now created
10:41:33,238 (main) DEBUG [DataNucleus.Cache] - Level 2 Cache of type "soft" initialised
10:41:33,296 (main) DEBUG [DataNucleus.Persistence] - Started pool of ExecutionContext (maxPool=20, reaperThread=false)
10:41:33,383 (main) DEBUG [DataNucleus.Persistence] - ================= NucleusContext ===============
10:41:33,383 (main) DEBUG [DataNucleus.Persistence] - DataNucleus Context : Version "4.0.0.m2" with JRE "1.8.0" on "Mac OS X"
10:41:33,383 (main) DEBUG [DataNucleus.Persistence] - Persistence API : JDO
10:41:33,383 (main) DEBUG [DataNucleus.Persistence] - Persistence-Unit : ProMol
10:41:33,383 (main) DEBUG [DataNucleus.Persistence] - Plugin Registry : org.datanucleus.plugin.NonManagedPluginRegistry
10:41:33,383 (main) DEBUG [DataNucleus.Persistence] - ClassLoading : datanucleus
10:41:33,384 (main) DEBUG [DataNucleus.Persistence] - Persistence : pm-singlethreaded, nontransactional-read, nontransactional-write, reachability-at-commit, copy-on-attach, managed-relations(checked), deletion-policy=JDO2, serverTimeZone=Europe/London
10:41:33,384 (main) DEBUG [DataNucleus.Persistence] - AutoStart : mechanism=None, mode=Quiet
10:41:33,384 (main) DEBUG [DataNucleus.Persistence] - Transactions : type=RESOURCE_LOCAL, mode=datastore, isolation=read-committed
10:41:33,384 (main) DEBUG [DataNucleus.Persistence] - ValueGeneration : txn-isolation=read-committed connection=New
10:41:33,384 (main) DEBUG [DataNucleus.Persistence] - Cache : Level1 (soft), Level2 (soft, mode=UNSPECIFIED), QueryResults (soft), Collections/Maps 
10:41:33,384 (main) DEBUG [DataNucleus.Persistence] - ================================================
10:41:33,384 (main) INFO  [DataNucleus.SchemaTool] - DataNucleus SchemaTool : Handling schema for persistence-unit "ProMol"
10:41:33,384 (main) ERROR [DataNucleus.Datastore.Schema] - No classes specified !
10:41:33,408 (main) ERROR [DataNucleus.SchemaTool] - An exception was thrown during the operation of SchemaTool. Please refer to the log for full details. The following may help : No classes specified !
No classes specified !
org.datanucleus.exceptions.NucleusException: No classes specified !
	at org.datanucleus.store.rdbms.RDBMSStoreManager.deleteSchemaForClasses(RDBMSStoreManager.java:4393)
	at org.datanucleus.store.schema.SchemaTool.deleteSchemaForClasses(SchemaTool.java:508)
	at org.datanucleus.store.schema.SchemaTool.main(SchemaTool.java:423)
